\BOOKMARK [0][-]{chapter.1}{\376\377\000W\000e\000l\000c\000o\000m\000e\000\040\000t\000o\000\040\000t\000h\000e\000\040\000S\000t\000a\000t\000i\000s\000t\000i\000c\000s\000\040\000C\000o\000u\000r\000s\000e\000b\000o\000o\000k}{}% 1
\BOOKMARK [1][-]{section.1.1}{\376\377\000L\000e\000a\000r\000n\000i\000n\000g\000\040\000O\000b\000j\000e\000c\000t\000i\000v\000e\000s}{chapter.1}% 2
\BOOKMARK [1][-]{section.1.2}{\376\377\000T\000e\000a\000c\000h\000i\000n\000g\000\040\000L\000a\000y\000o\000u\000t}{chapter.1}% 3
\BOOKMARK [1][-]{section.1.3}{\376\377\000H\000o\000w\000\040\000t\000o\000\040\000u\000s\000e\000\040\000t\000h\000i\000s\000\040\000w\000o\000r\000k\000b\000o\000o\000k}{chapter.1}% 4
\BOOKMARK [1][-]{section.1.4}{\376\377\000W\000h\000y\000\040\000a\000r\000e\000\040\000w\000e\000\040\000l\000e\000a\000r\000n\000i\000n\000g\000\040\000R}{chapter.1}% 5
\BOOKMARK [1][-]{section.1.5}{\376\377\000I\000n\000t\000r\000o\000d\000u\000c\000t\000i\000o\000n\000\040\000t\000o\000\040\000p\000o\000s\000i\000t\000\040\000C\000l\000o\000u\000d}{chapter.1}% 6
\BOOKMARK [1][-]{section.1.6}{\376\377\000B\000e\000f\000o\000r\000e\000\040\000y\000o\000u\000\040\000l\000e\000a\000v\000e\000!}{chapter.1}% 7
\BOOKMARK [0][-]{chapter.2}{\376\377\000S\000o\000m\000e\000\040\000f\000u\000n\000d\000a\000m\000e\000n\000t\000a\000l\000s\000\040\000t\000o\000\040\000e\000f\000f\000e\000c\000t\000i\000v\000e\000\040\000u\000s\000e\000\040\000o\000f\000\040\000R}{}% 8
\BOOKMARK [1][-]{section.2.1}{\376\377\000E\000n\000t\000e\000r\000i\000n\000g\000\040\000c\000o\000m\000m\000a\000n\000d\000s\000\040\000d\000i\000r\000e\000c\000t\000l\000y\000\040\000i\000n\000t\000o\000\040\000t\000h\000e\000\040\000c\000o\000n\000s\000o\000l\000e}{chapter.2}% 9
\BOOKMARK [1][-]{section.2.2}{\376\377\000U\000s\000i\000n\000g\000\040\000a\000n\000\040\000R\000\040\000s\000c\000r\000i\000p\000t}{chapter.2}% 10
\BOOKMARK [1][-]{section.2.3}{\376\377\000C\000r\000e\000a\000t\000i\000n\000g\000\040\000o\000b\000j\000e\000c\000t\000s}{chapter.2}% 11
\BOOKMARK [1][-]{section.2.4}{\376\377\000W\000h\000a\000t\000\040\000a\000r\000e\000\040\000f\000u\000n\000c\000t\000i\000o\000n\000s\000\040\000a\000n\000d\000\040\000p\000a\000c\000k\000a\000g\000e\000s\000?}{chapter.2}% 12
\BOOKMARK [1][-]{section.2.5}{\376\377\000A\000n\000a\000l\000y\000s\000i\000s\000\040\000h\000y\000g\000i\000e\000n\000e}{chapter.2}% 13
\BOOKMARK [1][-]{section.2.6}{\376\377\000W\000h\000a\000t\000\040\000d\000o\000\040\000I\000\040\000d\000o\000\040\000i\000f\000\040\000I\000\040\000g\000e\000t\000\040\000a\000n\000\040\000e\000r\000r\000o\000r\000\040\000m\000e\000s\000s\000a\000g\000e\000?}{chapter.2}% 14
\BOOKMARK [1][-]{section.2.7}{\376\377\000B\000e\000f\000o\000r\000e\000\040\000y\000o\000u\000\040\000l\000e\000a\000v\000e\000!}{chapter.2}% 15
\BOOKMARK [1][-]{section.2.8}{\376\377\000R\000e\000f\000e\000r\000e\000n\000c\000e\000s}{chapter.2}% 16
\BOOKMARK [0][-]{chapter.3}{\376\377\000W\000o\000r\000k\000s\000h\000o\000p\000\040\0001\000\040\000-\000\040\000E\000x\000p\000l\000o\000r\000a\000r\000t\000o\000r\000y\000\040\000D\000a\000t\000a\000\040\000A\000n\000a\000l\000y\000s\000i\000s}{}% 17
\BOOKMARK [1][-]{section.3.1}{\376\377\000I\000n\000t\000r\000o\000d\000u\000c\000t\000i\000o\000n}{chapter.3}% 18
\BOOKMARK [1][-]{section.3.2}{\376\377\000P\000r\000a\000c\000t\000i\000c\000a\000l\000\040\0001\000\040\000-\000\040\000E\000x\000p\000l\000o\000r\000i\000n\000g\000\040\000d\000i\000s\000t\000r\000i\000b\000u\000t\000i\000o\000n\000s\000\040\000i\000n\000\040\000R}{chapter.3}% 19
\BOOKMARK [1][-]{section.3.3}{\376\377\000D\000e\000s\000c\000r\000i\000p\000t\000i\000v\000e\000\040\000s\000t\000a\000t\000i\000s\000t\000i\000c\000s\000\040\000i\000n\000\040\000R}{chapter.3}% 20
\BOOKMARK [1][-]{section.3.4}{\376\377\000C\000o\000n\000c\000l\000u\000s\000i\000o\000n}{chapter.3}% 21
\BOOKMARK [1][-]{section.3.5}{\376\377\000B\000e\000f\000o\000r\000e\000\040\000y\000o\000u\000\040\000l\000e\000a\000v\000e\000!}{chapter.3}% 22
\BOOKMARK [1][-]{section.3.6}{\376\377\000R\000e\000f\000e\000r\000e\000n\000c\000e\000s}{chapter.3}% 23
\BOOKMARK [0][-]{chapter.4}{\376\377\000W\000o\000r\000k\000s\000h\000o\000p\000\040\0002\000\040\000-\000\040\000S\000a\000m\000p\000l\000i\000n\000g\000\040\000D\000i\000s\000t\000r\000i\000b\000u\000t\000i\000o\000n\000s\000\040\000a\000n\000d\000\040\000T\000e\000s\000t\000i\000n\000g\000\040\000f\000o\000r\000\040\000D\000i\000f\000f\000e\000r\000e\000n\000c\000e\000s}{}% 24
\BOOKMARK [1][-]{section.4.1}{\376\377\000I\000n\000t\000r\000o\000d\000u\000c\000t\000i\000o\000n}{chapter.4}% 25
\BOOKMARK [1][-]{section.4.2}{\376\377\000S\000o\000m\000e\000\040\000k\000e\000y\000\040\000t\000e\000r\000m\000s\000\040\000f\000o\000r\000\040\000t\000o\000d\000a\000y\000s\000\040\000p\000r\000a\000c\000t\000i\000c\000a\000l}{chapter.4}% 26
\BOOKMARK [1][-]{section.4.3}{\376\377\000P\000r\000a\000c\000t\000i\000c\000a\000l\000\040\0002\000\040\000-\000\040\000S\000a\000m\000p\000l\000i\000n\000g\000\040\000a\000n\000d\000\040\000T\000e\000s\000t\000i\000n\000g\000\040\000f\000o\000r\000\040\000D\000i\000f\000f\000e\000r\000e\000n\000c\000e\000s}{chapter.4}% 27
\BOOKMARK [1][-]{section.4.4}{\376\377\000C\000o\000n\000c\000l\000u\000s\000i\000o\000n}{chapter.4}% 28
\BOOKMARK [1][-]{section.4.5}{\376\377\000B\000e\000f\000o\000r\000e\000\040\000y\000o\000u\000\040\000l\000e\000a\000v\000e\000!}{chapter.4}% 29
\BOOKMARK [1][-]{section.4.6}{\376\377\000R\000e\000f\000e\000r\000e\000n\000c\000e\000s}{chapter.4}% 30
\BOOKMARK [0][-]{chapter.5}{\376\377\000W\000o\000r\000k\000s\000h\000o\000p\000\040\0003\000\040\000-\000\040\000I\000n\000t\000r\000o\000d\000u\000c\000t\000i\000o\000n\000\040\000t\000o\000\040\000D\000e\000s\000i\000g\000n\000\040\000a\000n\000d\000\040\000A\000n\000a\000l\000y\000s\000i\000s\000\040\000o\000f\000\040\000E\000x\000p\000e\000r\000i\000m\000e\000n\000t\000s}{}% 31
\BOOKMARK [1][-]{section.5.1}{\376\377\000I\000n\000t\000r\000o\000d\000u\000c\000t\000i\000o\000n}{chapter.5}% 32
\BOOKMARK [1][-]{section.5.2}{\376\377\000P\000r\000a\000c\000t\000i\000c\000a\000l\000\040\0003\000\040\000-\000\040\000I\000n\000t\000r\000o\000d\000u\000c\000t\000i\000o\000n\000\040\000t\000o\000\040\000A\000n\000a\000l\000y\000s\000i\000s\000\040\000o\000f\000\040\000V\000a\000r\000i\000a\000n\000c\000e}{chapter.5}% 33
\BOOKMARK [1][-]{section.5.3}{\376\377\000C\000o\000n\000c\000l\000u\000s\000i\000o\000n}{chapter.5}% 34
\BOOKMARK [1][-]{section.5.4}{\376\377\000B\000e\000f\000o\000r\000e\000\040\000y\000o\000u\000\040\000l\000e\000a\000v\000e\000!}{chapter.5}% 35
\BOOKMARK [1][-]{section.5.5}{\376\377\000R\000e\000f\000e\000r\000e\000n\000c\000e\000s}{chapter.5}% 36
\BOOKMARK [0][-]{chapter.6}{\376\377\000W\000o\000r\000k\000s\000h\000o\000p\000\040\0004\000\040\000-\000\040\000T\000e\000s\000t\000i\000n\000g\000\040\000f\000o\000r\000\040\000a\000n\000d\000\040\000M\000e\000a\000s\000u\000r\000i\000n\000g\000\040\000R\000e\000l\000a\000t\000i\000o\000n\000s\000h\000i\000p\000s}{}% 37
\BOOKMARK [1][-]{section.6.1}{\376\377\000I\000n\000t\000r\000o\000d\000u\000c\000t\000i\000o\000n}{chapter.6}% 38
\BOOKMARK [1][-]{section.6.2}{\376\377\000P\000r\000a\000c\000t\000i\000c\000a\000l\000\040\0004\000\040\000-\000\040\000R\000e\000g\000r\000e\000s\000s\000i\000o\000n\000\040\000\046\000\040\000C\000o\000r\000r\000e\000l\000a\000t\000i\000o\000n\000\040\000I\000n\000t\000r\000o\000d\000u\000c\000t\000i\000o\000n}{chapter.6}% 39
\BOOKMARK [1][-]{section.6.3}{\376\377\000C\000o\000n\000c\000l\000u\000s\000i\000o\000n}{chapter.6}% 40
\BOOKMARK [1][-]{section.6.4}{\376\377\000B\000e\000f\000o\000r\000e\000\040\000y\000o\000u\000\040\000l\000e\000a\000v\000e\000!}{chapter.6}% 41
\BOOKMARK [1][-]{section.6.5}{\376\377\000R\000e\000f\000e\000r\000e\000n\000c\000e\000s}{chapter.6}% 42
\BOOKMARK [0][-]{chapter.7}{\376\377\000W\000o\000r\000k\000s\000h\000o\000p\000\040\0005\000\040\000-\000\040\000I\000s\000s\000u\000e\000s\000\040\000w\000i\000t\000h\000\040\000P\000r\000o\000b\000a\000b\000i\000l\000i\000t\000y\000\040\000a\000n\000d\000\040\000P\000a\000r\000a\000m\000e\000t\000r\000i\000c\000\040\000A\000n\000a\000l\000y\000s\000i\000s}{}% 43
\BOOKMARK [1][-]{section.7.1}{\376\377\000I\000n\000t\000r\000o\000d\000u\000c\000t\000i\000o\000n}{chapter.7}% 44
\BOOKMARK [1][-]{section.7.2}{\376\377\000P\000r\000a\000c\000t\000i\000c\000a\000l\000\040\0005\000\040\000-\000\040\000T\000r\000a\000n\000s\000f\000o\000r\000m\000a\000t\000i\000o\000n\000s\000\040\000\046\000\040\000N\000o\000n\000-\000p\000a\000r\000a\000m\000e\000t\000r\000i\000c\000\040\000T\000e\000s\000t\000s\000\040\000-\000\040\000A\000n\000\040\000I\000n\000t\000r\000o\000d\000u\000c\000t\000i\000o\000n}{chapter.7}% 45
\BOOKMARK [1][-]{section.7.3}{\376\377\000C\000o\000n\000c\000l\000u\000s\000i\000o\000n}{chapter.7}% 46
\BOOKMARK [1][-]{section.7.4}{\376\377\000B\000e\000f\000o\000r\000e\000\040\000y\000o\000u\000\040\000l\000e\000a\000v\000e\000!}{chapter.7}% 47
\BOOKMARK [1][-]{section.7.5}{\376\377\000R\000e\000f\000e\000r\000e\000n\000c\000e\000s}{chapter.7}% 48
\BOOKMARK [0][-]{chapter.8}{\376\377\000P\000l\000o\000t\000\040\000B\000e\000a\000u\000t\000i\000f\000i\000c\000a\000t\000i\000o\000n\000!\000!\000!}{}% 49
\BOOKMARK [1][-]{section.8.1}{\376\377\000D\000e\000c\000o\000n\000s\000t\000r\000u\000c\000t\000i\000n\000g\000\040\000g\000g\000p\000l\000o\000t}{chapter.8}% 50
\BOOKMARK [1][-]{section.8.2}{\376\377\000L\000a\000b\000e\000l\000s}{chapter.8}% 51
\BOOKMARK [1][-]{section.8.3}{\376\377\000S\000w\000i\000t\000c\000h\000i\000n\000g\000\040\000u\000p\000\040\000c\000o\000l\000o\000u\000r\000s}{chapter.8}% 52
\BOOKMARK [1][-]{section.8.4}{\376\377\000S\000p\000a\000c\000i\000n\000g}{chapter.8}% 53
\BOOKMARK [1][-]{section.8.5}{\376\377\000T\000h\000e\000m\000e\000s}{chapter.8}% 54
\BOOKMARK [1][-]{section.8.6}{\376\377\000B\000e\000a\000u\000t\000i\000f\000y\000i\000n\000g\000\040\000s\000c\000a\000t\000t\000e\000r\000\040\000p\000l\000o\000t\000s}{chapter.8}% 55
\BOOKMARK [1][-]{section.8.7}{\376\377\000E\000x\000p\000l\000o\000r\000t\000i\000n\000g\000\040\000y\000o\000u\000r\000\040\000p\000l\000o\000t\000\040\000t\000o\000\040\000p\000d\000f}{chapter.8}% 56
\BOOKMARK [1][-]{section.8.8}{\376\377\000B\000e\000f\000o\000r\000e\000\040\000y\000o\000u\000\040\000l\000e\000a\000v\000e\000!}{chapter.8}% 57
\BOOKMARK [1][-]{section.8.9}{\376\377\000R\000e\000f\000e\000r\000e\000n\000c\000e\000s}{chapter.8}% 58
\BOOKMARK [0][-]{chapter.9}{\376\377\000B\000I\000O\000-\0007\0000\0002\0006\000A\000:\000\040\000U\000n\000i\000v\000a\000r\000i\000a\000t\000e\000\040\000S\000t\000a\000t\000i\000s\000t\000i\000c\000s\000\040\000S\000u\000m\000m\000a\000t\000i\000v\000e\000\040\000A\000s\000s\000i\000g\000n\000m\000e\000n\000t}{}% 59
\BOOKMARK [1][-]{section.9.1}{\376\377\000T\000h\000e\000\040\000e\000x\000e\000r\000c\000i\000s\000e}{chapter.9}% 60
\BOOKMARK [1][-]{section.9.2}{\376\377\000T\000h\000e\000\040\000P\000r\000o\000b\000l\000e\000m}{chapter.9}% 61
\BOOKMARK [1][-]{section.9.3}{\376\377\000T\000h\000e\000\040\000D\000a\000t\000a}{chapter.9}% 62
\BOOKMARK [0][-]{chapter.10}{\376\377\000I\000n\000t\000r\000o\000d\000u\000c\000t\000i\000o\000n\000\040\000t\000o\000\040\000M\000u\000l\000t\000i\000v\000a\000r\000i\000a\000t\000e\000\040\000S\000t\000a\000t\000i\000s\000t\000i\000c\000s\000\040\000\050\000B\000I\000O\000-\0007\0000\0002\0005\000A\000\051}{}% 63
\BOOKMARK [1][-]{section.10.1}{\376\377\000W\000e\000l\000c\000o\000m\000e\000\040\000t\000o\000\040\000M\000u\000l\000t\000i\000v\000a\000i\000r\000a\000t\000e\000\040\000S\000t\000a\000t\000i\000s\000t\000i\000c\000s}{chapter.10}% 64
\BOOKMARK [1][-]{section.10.2}{\376\377\000L\000e\000a\000r\000n\000i\000n\000g\000\040\000O\000b\000j\000e\000c\000t\000i\000v\000e\000s}{chapter.10}% 65
\BOOKMARK [1][-]{section.10.3}{\376\377\000T\000e\000a\000c\000h\000i\000n\000g\000\040\000L\000a\000y\000o\000u\000t}{chapter.10}% 66
\BOOKMARK [0][-]{chapter.11}{\376\377\000M\000u\000l\000t\000i\000v\000a\000r\000i\000a\000t\000e\000\040\000L\000i\000n\000e\000a\000r\000\040\000M\000o\000d\000e\000l\000l\000i\000n\000g}{}% 67
\BOOKMARK [1][-]{section.11.1}{\376\377\000I\000n\000t\000r\000o\000d\000u\000c\000t\000i\000o\000n}{chapter.11}% 68
\BOOKMARK [1][-]{section.11.2}{\376\377\000P\000r\000a\000c\000t\000i\000c\000a\000l\000\040\0006\000\040\000-\000\040\000M\000u\000l\000t\000i\000p\000l\000e\000\040\000L\000i\000n\000e\000a\000r\000\040\000M\000o\000d\000e\000l\000s}{chapter.11}% 69
\BOOKMARK [1][-]{section.11.3}{\376\377\000D\000a\000t\000a\000\040\000s\000e\000t\000\040\0001\000:\000\040\000A\000f\000r\000i\000c\000a}{chapter.11}% 70
\BOOKMARK [1][-]{section.11.4}{\376\377\000D\000a\000t\000a\000\040\000s\000e\000t\000\040\0002\000:\000\040\000C\000h\000a\000f\000f\000i\000n\000c\000h}{chapter.11}% 71
\BOOKMARK [1][-]{section.11.5}{\376\377\000D\000a\000t\000a\000\040\000s\000e\000t\000\040\0003\000:\000\040\000B\000e\000e\000t\000l\000e\000s}{chapter.11}% 72
\BOOKMARK [1][-]{section.11.6}{\376\377\000B\000e\000f\000o\000r\000e\000\040\000y\000o\000u\000\040\000l\000e\000a\000v\000e\000!}{chapter.11}% 73
\BOOKMARK [0][-]{chapter.12}{\376\377\000M\000o\000d\000e\000l\000\040\000S\000t\000r\000u\000c\000t\000u\000r\000e}{}% 74
\BOOKMARK [1][-]{section.12.1}{\376\377\000I\000n\000t\000r\000o\000d\000u\000c\000t\000i\000o\000n}{chapter.12}% 75
\BOOKMARK [1][-]{section.12.2}{\376\377\000P\000r\000a\000c\000t\000i\000c\000a\000l\000\040\0008\000\040\000-\000\040\000E\000x\000p\000l\000o\000r\000i\000n\000g\000\040\000M\000o\000d\000e\000l\000\040\000S\000t\000r\000u\000c\000t\000u\000r\000e}{chapter.12}% 76
\BOOKMARK [1][-]{section.12.3}{\376\377\000D\000a\000t\000a\000\040\000s\000e\000t\000\040\0001\000:\000\040\000N\000e\000p\000a\000l\000\040\000-\000\040\000L\000i\000n\000e\000a\000r\000\040\000M\000o\000d\000e\000l\000\040\000w\000i\000t\000h\000\040\000R\000a\000n\000d\000o\000m\000i\000s\000e\000d\000\040\000B\000l\000o\000c\000k\000\040\000d\000e\000s\000i\000g\000n\000s}{chapter.12}% 77
\BOOKMARK [1][-]{section.12.4}{\376\377\000D\000a\000t\000a\000\040\000s\000e\000t\000\040\0002\000:\000\040\000T\000u\000l\000i\000p\000\040\000-\000\040\000L\000i\000n\000e\000a\000r\000\040\000M\000o\000d\000e\000l\000\040\000w\000i\000t\000h\000\040\000R\000a\000n\000d\000o\000m\000i\000s\000e\000d\000\040\000B\000l\000o\000c\000k\000\040\000d\000e\000s\000i\000g\000n\000s}{chapter.12}% 78
\BOOKMARK [1][-]{section.12.5}{\376\377\000M\000i\000x\000e\000d\000\040\000e\000f\000f\000e\000c\000t\000s\000\040\000l\000i\000n\000e\000a\000r\000\040\000m\000o\000d\000e\000l\000s}{chapter.12}% 79
\BOOKMARK [1][-]{section.12.6}{\376\377\000C\000o\000n\000c\000l\000u\000s\000i\000o\000n\000s}{chapter.12}% 80
\BOOKMARK [1][-]{section.12.7}{\376\377\000B\000e\000f\000o\000r\000e\000\040\000y\000o\000u\000\040\000l\000e\000a\000v\000e\000!}{chapter.12}% 81
\BOOKMARK [0][-]{chapter.13}{\376\377\000R\000e\000p\000e\000a\000t\000e\000d\000\040\000M\000e\000a\000s\000u\000r\000e\000s\000\040\000L\000i\000n\000e\000a\000r\000\040\000M\000o\000d\000e\000l\000s}{}% 82
\BOOKMARK [1][-]{section.13.1}{\376\377\000I\000n\000t\000r\000o\000d\000u\000c\000t\000i\000o\000n}{chapter.13}% 83
\BOOKMARK [1][-]{section.13.2}{\376\377\000P\000r\000a\000c\000t\000i\000c\000a\000l\000\040\0009\000\040\000-\000\040\000R\000e\000p\000e\000a\000t\000e\000d\000\040\000M\000e\000a\000s\000u\000r\000e\000s\000\040\000L\000i\000n\000e\000a\000r\000\040\000M\000o\000d\000e\000l\000s}{chapter.13}% 84
\BOOKMARK [1][-]{section.13.3}{\376\377\000D\000a\000t\000a\000\040\000s\000e\000t\000\040\0001\000\040\000-\000\040\000A\000c\000t\000i\000v\000i\000t\000y}{chapter.13}% 85
\BOOKMARK [1][-]{section.13.4}{\376\377\000D\000a\000t\000a\000\040\000s\000e\000t\000\040\0002\000\040\000-\000\040\000M\000e\000t\000a\000b\000o\000l\000i\000s\000m}{chapter.13}% 86
\BOOKMARK [1][-]{section.13.5}{\376\377\000C\000o\000n\000c\000l\000u\000s\000i\000o\000n\000s}{chapter.13}% 87
\BOOKMARK [1][-]{section.13.6}{\376\377\000B\000e\000f\000o\000r\000e\000\040\000y\000o\000u\000\040\000l\000e\000a\000v\000e\000!}{chapter.13}% 88
\BOOKMARK [0][-]{chapter.14}{\376\377\000A\000\040\000V\000e\000r\000y\000\040\000I\000n\000t\000r\000o\000d\000u\000c\000t\000o\000r\000y\000\040\000I\000n\000t\000r\000o\000d\000u\000c\000t\000i\000o\000n\000\040\000t\000o\000\040\000G\000e\000n\000e\000r\000a\000l\000i\000s\000e\000d\000\040\000L\000i\000n\000e\000a\000r\000\040\000M\000o\000d\000e\000l\000s}{}% 89
\BOOKMARK [1][-]{section.14.1}{\376\377\000I\000n\000t\000r\000o\000d\000u\000c\000t\000i\000o\000n}{chapter.14}% 90
\BOOKMARK [1][-]{section.14.2}{\376\377\000P\000r\000a\000c\000t\000i\000c\000a\000l\000\040\0001\0000\000\040\000-\000\040\000G\000L\000M\000s}{chapter.14}% 91
\BOOKMARK [1][-]{section.14.3}{\376\377\000A\000\040\000P\000o\000i\000s\000s\000o\000n\000\040\000G\000L\000M\000\040\000o\000n\000\040\000s\000o\000m\000e\000\040\000b\000e\000a\000u\000t\000i\000f\000u\000l\000l\000y\000\040\000b\000e\000h\000a\000v\000e\000d\000\040\000d\000a\000t\000a}{chapter.14}% 92
\BOOKMARK [1][-]{section.14.4}{\376\377\000A\000\040\000B\000i\000n\000o\000m\000i\000a\000l\000\040\000G\000L\000M}{chapter.14}% 93
\BOOKMARK [1][-]{section.14.5}{\376\377\000A\000\040\000P\000o\000i\000s\000s\000o\000n\000\040\000M\000i\000x\000e\000d\000\040\000E\000f\000f\000e\000c\000t\000s\000\040\000G\000L\000M}{chapter.14}% 94
\BOOKMARK [1][-]{section.14.6}{\376\377\000C\000o\000n\000c\000l\000u\000s\000i\000o\000n\000s}{chapter.14}% 95
\BOOKMARK [1][-]{section.14.7}{\376\377\000B\000e\000f\000o\000r\000e\000\040\000y\000o\000u\000\040\000l\000e\000a\000v\000e\000!}{chapter.14}% 96
\BOOKMARK [1][-]{section.14.8}{\376\377\000R\000e\000f\000e\000r\000e\000n\000c\000e\000s}{chapter.14}% 97
\BOOKMARK [0][-]{chapter.15}{\376\377\000B\000I\000O\000-\0007\0000\0002\0005\000A\000:\000\040\000M\000u\000l\000t\000i\000v\000a\000r\000i\000a\000t\000e\000\040\000S\000t\000a\000t\000i\000t\000s\000i\000c\000s\000\040\000A\000s\000s\000i\000g\000n\000m\000e\000n\000t}{}% 98
\BOOKMARK [1][-]{section.15.1}{\376\377\000P\000a\000t\000t\000e\000r\000n\000s\000\040\000o\000f\000\040\000h\000a\000b\000i\000t\000a\000t\000\040\000s\000e\000l\000e\000c\000t\000i\000o\000n\000\040\000i\000n\000\040\000b\000r\000e\000e\000d\000i\000n\000g\000\040\000B\000l\000a\000c\000k\000-\000t\000a\000i\000l\000e\000d\000\040\000G\000o\000d\000w\000i\000t\000s\000\040\000i\000n\000\040\000I\000c\000e\000l\000a\000n\000d}{chapter.15}% 99
