This is XeTeX, Version 3.141592653-2.6-0.999994 (TeX Live 2022) (preloaded format=xelatex 2023.1.4)  20 SEP 2024 11:54
entering extended mode
 restricted \write18 enabled.
 %&-line parsing enabled.
**7056A.tex
(./7056A.tex
LaTeX2e <2022-11-01> patch level 1
L3 programming layer <2022-12-17> (/Users/ellen/Library/TinyTeX/texmf-dist/tex/latex/base/book.cls
Document Class: book 2022/07/02 v1.4n Standard LaTeX document class
(/Users/ellen/Library/TinyTeX/texmf-dist/tex/latex/base/bk10.clo
File: bk10.clo 2022/07/02 v1.4n Standard LaTeX file (size option)
)
\c@part=\count181
\c@chapter=\count182
\c@section=\count183
\c@subsection=\count184
\c@subsubsection=\count185
\c@paragraph=\count186
\c@subparagraph=\count187
\c@figure=\count188
\c@table=\count189
\abovecaptionskip=\skip48
\belowcaptionskip=\skip49
\bibindent=\dimen140
) (/Users/ellen/Library/TinyTeX/texmf-dist/tex/latex/amsmath/amsmath.sty
Package: amsmath 2022/04/08 v2.17n AMS math features
\@mathmargin=\skip50
For additional information on amsmath, use the `?' option.
(/Users/ellen/Library/TinyTeX/texmf-dist/tex/latex/amsmath/amstext.sty
Package: amstext 2021/08/26 v2.01 AMS text
(/Users/ellen/Library/TinyTeX/texmf-dist/tex/latex/amsmath/amsgen.sty
File: amsgen.sty 1999/11/30 v2.0 generic functions
\@emptytoks=\toks16
\ex@=\dimen141
)) (/Users/ellen/Library/TinyTeX/texmf-dist/tex/latex/amsmath/amsbsy.sty
Package: amsbsy 1999/11/29 v1.2d Bold Symbols
\pmbraise@=\dimen142
) (/Users/ellen/Library/TinyTeX/texmf-dist/tex/latex/amsmath/amsopn.sty
Package: amsopn 2022/04/08 v2.04 operator names
)
\inf@bad=\count190
LaTeX Info: Redefining \frac on input line 234.
\uproot@=\count191
\leftroot@=\count192
LaTeX Info: Redefining \overline on input line 399.
LaTeX Info: Redefining \colon on input line 410.
\classnum@=\count193
\DOTSCASE@=\count194
LaTeX Info: Redefining \ldots on input line 496.
LaTeX Info: Redefining \dots on input line 499.
LaTeX Info: Redefining \cdots on input line 620.
\Mathstrutbox@=\box51
\strutbox@=\box52
LaTeX Info: Redefining \big on input line 722.
LaTeX Info: Redefining \Big on input line 723.
LaTeX Info: Redefining \bigg on input line 724.
LaTeX Info: Redefining \Bigg on input line 725.
\big@size=\dimen143
LaTeX Font Info:    Redeclaring font encoding OML on input line 743.
LaTeX Font Info:    Redeclaring font encoding OMS on input line 744.
\macc@depth=\count195
LaTeX Info: Redefining \bmod on input line 905.
LaTeX Info: Redefining \pmod on input line 910.
LaTeX Info: Redefining \smash on input line 940.
LaTeX Info: Redefining \relbar on input line 970.
LaTeX Info: Redefining \Relbar on input line 971.
\c@MaxMatrixCols=\count196
\dotsspace@=\muskip16
\c@parentequation=\count197
\dspbrk@lvl=\count198
\tag@help=\toks17
\row@=\count199
\column@=\count266
\maxfields@=\count267
\andhelp@=\toks18
\eqnshift@=\dimen144
\alignsep@=\dimen145
\tagshift@=\dimen146
\tagwidth@=\dimen147
\totwidth@=\dimen148
\lineht@=\dimen149
\@envbody=\toks19
\multlinegap=\skip51
\multlinetaggap=\skip52
\mathdisplay@stack=\toks20
LaTeX Info: Redefining \[ on input line 2953.
LaTeX Info: Redefining \] on input line 2954.
) (/Users/ellen/Library/TinyTeX/texmf-dist/tex/latex/amsfonts/amssymb.sty
Package: amssymb 2013/01/14 v3.01 AMS font symbols
(/Users/ellen/Library/TinyTeX/texmf-dist/tex/latex/amsfonts/amsfonts.sty
Package: amsfonts 2013/01/14 v3.01 Basic AMSFonts support
\symAMSa=\mathgroup4
\symAMSb=\mathgroup5
LaTeX Font Info:    Redeclaring math symbol \hbar on input line 98.
LaTeX Font Info:    Overwriting math alphabet `\mathfrak' in version `bold'
(Font)                  U/euf/m/n --> U/euf/b/n on input line 106.
)) (/Users/ellen/Library/TinyTeX/texmf-dist/tex/generic/iftex/iftex.sty
Package: iftex 2022/02/03 v1.0f TeX engine tests
) (/Users/ellen/Library/TinyTeX/texmf-dist/tex/latex/unicode-math/unicode-math.sty (/Users/ellen/Library/TinyTeX/texmf-dist/tex/latex/l3kernel/expl3.sty
Package: expl3 2022-12-17 L3 programming layer (loader) 
(/Users/ellen/Library/TinyTeX/texmf-dist/tex/latex/l3backend/l3backend-xetex.def
File: l3backend-xetex.def 2022-10-26 L3 backend support: XeTeX
\g__graphics_track_int=\count268
\l__pdf_internal_box=\box53
\g__pdf_backend_object_int=\count269
\g__pdf_backend_annotation_int=\count270
\g__pdf_backend_link_int=\count271
))
Package: unicode-math 2020/01/31 v0.8q Unicode maths in XeLaTeX and LuaLaTeX
(/Users/ellen/Library/TinyTeX/texmf-dist/tex/latex/unicode-math/unicode-math-xetex.sty
Package: unicode-math-xetex 2020/01/31 v0.8q Unicode maths in XeLaTeX and LuaLaTeX
(/Users/ellen/Library/TinyTeX/texmf-dist/tex/latex/l3packages/xparse/xparse.sty
Package: xparse 2022-12-17 L3 Experimental document command parser
) (/Users/ellen/Library/TinyTeX/texmf-dist/tex/latex/l3packages/l3keys2e/l3keys2e.sty
Package: l3keys2e 2022-12-17 LaTeX2e option processing using LaTeX3 keys
) (/Users/ellen/Library/TinyTeX/texmf-dist/tex/latex/fontspec/fontspec.sty
Package: fontspec 2022/01/15 v2.8a Font selection for XeLaTeX and LuaLaTeX
(/Users/ellen/Library/TinyTeX/texmf-dist/tex/latex/fontspec/fontspec-xetex.sty
Package: fontspec-xetex 2022/01/15 v2.8a Font selection for XeLaTeX and LuaLaTeX
\l__fontspec_script_int=\count272
\l__fontspec_language_int=\count273
\l__fontspec_strnum_int=\count274
\l__fontspec_tmp_int=\count275
\l__fontspec_tmpa_int=\count276
\l__fontspec_tmpb_int=\count277
\l__fontspec_tmpc_int=\count278
\l__fontspec_em_int=\count279
\l__fontspec_emdef_int=\count280
\l__fontspec_strong_int=\count281
\l__fontspec_strongdef_int=\count282
\l__fontspec_tmpa_dim=\dimen150
\l__fontspec_tmpb_dim=\dimen151
\l__fontspec_tmpc_dim=\dimen152
(/Users/ellen/Library/TinyTeX/texmf-dist/tex/latex/base/fontenc.sty
Package: fontenc 2021/04/29 v2.0v Standard LaTeX package
) (/Users/ellen/Library/TinyTeX/texmf-dist/tex/latex/fontspec/fontspec.cfg))) (/Users/ellen/Library/TinyTeX/texmf-dist/tex/latex/base/fix-cm.sty
Package: fix-cm 2020/11/24 v1.1t fixes to LaTeX
(/Users/ellen/Library/TinyTeX/texmf-dist/tex/latex/base/ts1enc.def
File: ts1enc.def 2001/06/05 v3.0e (jk/car/fm) Standard LaTeX file
LaTeX Font Info:    Redeclaring font encoding TS1 on input line 47.
))
\g__um_fam_int=\count283
\g__um_fonts_used_int=\count284
\l__um_primecount_int=\count285
\g__um_primekern_muskip=\muskip17
(/Users/ellen/Library/TinyTeX/texmf-dist/tex/latex/unicode-math/unicode-math-table.tex))) (/Users/ellen/Library/TinyTeX/texmf-dist/tex/latex/lm/lmodern.sty
Package: lmodern 2015/05/01 v1.6.1 Latin Modern Fonts
LaTeX Font Info:    Overwriting symbol font `operators' in version `normal'
(Font)                  OT1/cmr/m/n --> OT1/lmr/m/n on input line 22.
LaTeX Font Info:    Overwriting symbol font `letters' in version `normal'
(Font)                  OML/cmm/m/it --> OML/lmm/m/it on input line 23.
LaTeX Font Info:    Overwriting symbol font `symbols' in version `normal'
(Font)                  OMS/cmsy/m/n --> OMS/lmsy/m/n on input line 24.
LaTeX Font Info:    Overwriting symbol font `largesymbols' in version `normal'
(Font)                  OMX/cmex/m/n --> OMX/lmex/m/n on input line 25.
LaTeX Font Info:    Overwriting symbol font `operators' in version `bold'
(Font)                  OT1/cmr/bx/n --> OT1/lmr/bx/n on input line 26.
LaTeX Font Info:    Overwriting symbol font `letters' in version `bold'
(Font)                  OML/cmm/b/it --> OML/lmm/b/it on input line 27.
LaTeX Font Info:    Overwriting symbol font `symbols' in version `bold'
(Font)                  OMS/cmsy/b/n --> OMS/lmsy/b/n on input line 28.
LaTeX Font Info:    Overwriting symbol font `largesymbols' in version `bold'
(Font)                  OMX/cmex/m/n --> OMX/lmex/m/n on input line 29.
LaTeX Font Info:    Overwriting math alphabet `\mathbf' in version `normal'
(Font)                  OT1/cmr/bx/n --> OT1/lmr/bx/n on input line 31.
LaTeX Font Info:    Overwriting math alphabet `\mathsf' in version `normal'
(Font)                  OT1/cmss/m/n --> OT1/lmss/m/n on input line 32.
LaTeX Font Info:    Overwriting math alphabet `\mathit' in version `normal'
(Font)                  OT1/cmr/m/it --> OT1/lmr/m/it on input line 33.
LaTeX Font Info:    Overwriting math alphabet `\mathtt' in version `normal'
(Font)                  OT1/cmtt/m/n --> OT1/lmtt/m/n on input line 34.
LaTeX Font Info:    Overwriting math alphabet `\mathbf' in version `bold'
(Font)                  OT1/cmr/bx/n --> OT1/lmr/bx/n on input line 35.
LaTeX Font Info:    Overwriting math alphabet `\mathsf' in version `bold'
(Font)                  OT1/cmss/bx/n --> OT1/lmss/bx/n on input line 36.
LaTeX Font Info:    Overwriting math alphabet `\mathit' in version `bold'
(Font)                  OT1/cmr/bx/it --> OT1/lmr/bx/it on input line 37.
LaTeX Font Info:    Overwriting math alphabet `\mathtt' in version `bold'
(Font)                  OT1/cmtt/m/n --> OT1/lmtt/m/n on input line 38.
) (/Users/ellen/Library/TinyTeX/texmf-dist/tex/latex/upquote/upquote.sty
Package: upquote 2012/04/19 v1.3 upright-quote and grave-accent glyphs in verbatim
(/Users/ellen/Library/TinyTeX/texmf-dist/tex/latex/base/textcomp.sty
Package: textcomp 2020/02/02 v2.0n Standard LaTeX package
)) (/Users/ellen/Library/TinyTeX/texmf-dist/tex/latex/microtype/microtype.sty
Package: microtype 2022/06/23 v3.0f Micro-typographical refinements (RS)
(/Users/ellen/Library/TinyTeX/texmf-dist/tex/latex/graphics/keyval.sty
Package: keyval 2022/05/29 v1.15 key=value parser (DPC)
\KV@toks@=\toks21
) (/Users/ellen/Library/TinyTeX/texmf-dist/tex/latex/etoolbox/etoolbox.sty
Package: etoolbox 2020/10/05 v2.5k e-TeX tools for LaTeX (JAW)
\etb@tempcnta=\count286
)
\MT@toks=\toks22
\MT@tempbox=\box54
\MT@count=\count287
LaTeX Info: Redefining \noprotrusionifhmode on input line 1045.
LaTeX Info: Redefining \leftprotrusion on input line 1046.
LaTeX Info: Redefining \rightprotrusion on input line 1056.
LaTeX Info: Redefining \textls on input line 1234.
\MT@outer@kern=\dimen153
LaTeX Info: Redefining \textmicrotypecontext on input line 1858.
\MT@listname@count=\count288
(/Users/ellen/Library/TinyTeX/texmf-dist/tex/latex/microtype/microtype-xetex.def
File: microtype-xetex.def 2022/06/23 v3.0f Definitions specific to xetex (RS)
LaTeX Info: Redefining \lsstyle on input line 236.
)
Package microtype Info: Loading configuration file microtype.cfg.
(/Users/ellen/Library/TinyTeX/texmf-dist/tex/latex/microtype/microtype.cfg
File: microtype.cfg 2022/06/23 v3.0f microtype main configuration file (RS)
)) (/Users/ellen/Library/TinyTeX/texmf-dist/tex/latex/parskip/parskip.sty
Package: parskip 2021-03-14 v2.0h non-zero parskip adjustments
(/Users/ellen/Library/TinyTeX/texmf-dist/tex/latex/kvoptions/kvoptions.sty
Package: kvoptions 2022-06-15 v3.15 Key value format for package options (HO)
(/Users/ellen/Library/TinyTeX/texmf-dist/tex/generic/ltxcmds/ltxcmds.sty
Package: ltxcmds 2020-05-10 v1.25 LaTeX kernel commands for general use (HO)
) (/Users/ellen/Library/TinyTeX/texmf-dist/tex/latex/kvsetkeys/kvsetkeys.sty
Package: kvsetkeys 2022-10-05 v1.19 Key value parser (HO)
))) (/Users/ellen/Library/TinyTeX/texmf-dist/tex/latex/xcolor/xcolor.sty
Package: xcolor 2022/06/12 v2.14 LaTeX color extensions (UK)
(/Users/ellen/Library/TinyTeX/texmf-dist/tex/latex/graphics-cfg/color.cfg
File: color.cfg 2016/01/02 v1.6 sample color configuration
)
Package xcolor Info: Driver file: xetex.def on input line 227.
(/Users/ellen/Library/TinyTeX/texmf-dist/tex/latex/graphics-def/xetex.def
File: xetex.def 2022/09/22 v5.0n Graphics/color driver for xetex
) (/Users/ellen/Library/TinyTeX/texmf-dist/tex/latex/graphics/mathcolor.ltx)
Package xcolor Info: Model `cmy' substituted by `cmy0' on input line 1353.
Package xcolor Info: Model `RGB' extended on input line 1369.
Package xcolor Info: Model `HTML' substituted by `rgb' on input line 1371.
Package xcolor Info: Model `Hsb' substituted by `hsb' on input line 1372.
Package xcolor Info: Model `tHsb' substituted by `hsb' on input line 1373.
Package xcolor Info: Model `HSB' substituted by `hsb' on input line 1374.
Package xcolor Info: Model `Gray' substituted by `gray' on input line 1375.
Package xcolor Info: Model `wave' substituted by `hsb' on input line 1376.
) (/Users/ellen/Library/TinyTeX/texmf-dist/tex/latex/fancyvrb/fancyvrb.sty
Package: fancyvrb 2022/06/06 4.5 verbatim text (tvz,hv)
\FV@CodeLineNo=\count289
\FV@InFile=\read2
\FV@TabBox=\box55
\c@FancyVerbLine=\count290
\FV@StepNumber=\count291
\FV@OutFile=\write3
) (/Users/ellen/Library/TinyTeX/texmf-dist/tex/latex/framed/framed.sty
Package: framed 2011/10/22 v 0.96: framed or shaded text with page breaks
\OuterFrameSep=\skip53
\fb@frw=\dimen154
\fb@frh=\dimen155
\FrameRule=\dimen156
\FrameSep=\dimen157
) (/Users/ellen/Library/TinyTeX/texmf-dist/tex/latex/tools/longtable.sty
Package: longtable 2021-09-01 v4.17 Multi-page Table package (DPC)
\LTleft=\skip54
\LTright=\skip55
\LTpre=\skip56
\LTpost=\skip57
\LTchunksize=\count292
\LTcapwidth=\dimen158
\LT@head=\box56
\LT@firsthead=\box57
\LT@foot=\box58
\LT@lastfoot=\box59
\LT@gbox=\box60
\LT@cols=\count293
\LT@rows=\count294
\c@LT@tables=\count295
\c@LT@chunks=\count296
\LT@p@ftn=\toks23
) (/Users/ellen/Library/TinyTeX/texmf-dist/tex/latex/booktabs/booktabs.sty
Package: booktabs 2020/01/12 v1.61803398 Publication quality tables
\heavyrulewidth=\dimen159
\lightrulewidth=\dimen160
\cmidrulewidth=\dimen161
\belowrulesep=\dimen162
\belowbottomsep=\dimen163
\aboverulesep=\dimen164
\abovetopsep=\dimen165
\cmidrulesep=\dimen166
\cmidrulekern=\dimen167
\defaultaddspace=\dimen168
\@cmidla=\count297
\@cmidlb=\count298
\@aboverulesep=\dimen169
\@belowrulesep=\dimen170
\@thisruleclass=\count299
\@lastruleclass=\count300
\@thisrulewidth=\dimen171
) (/Users/ellen/Library/TinyTeX/texmf-dist/tex/latex/tools/array.sty
Package: array 2022/09/04 v2.5g Tabular extension package (FMi)
\col@sep=\dimen172
\ar@mcellbox=\box61
\extrarowheight=\dimen173
\NC@list=\toks24
\extratabsurround=\skip58
\backup@length=\skip59
\ar@cellbox=\box62
) (/Users/ellen/Library/TinyTeX/texmf-dist/tex/latex/tools/calc.sty
Package: calc 2017/05/25 v4.3 Infix arithmetic (KKT,FJ)
\calc@Acount=\count301
\calc@Bcount=\count302
\calc@Adimen=\dimen174
\calc@Bdimen=\dimen175
\calc@Askip=\skip60
\calc@Bskip=\skip61
LaTeX Info: Redefining \setlength on input line 80.
LaTeX Info: Redefining \addtolength on input line 81.
\calc@Ccount=\count303
\calc@Cskip=\skip62
) (/Users/ellen/Library/TinyTeX/texmf-dist/tex/latex/mdwtools/footnote.sty
Package: footnote 1997/01/28 1.13 Save footnotes around boxes
\fn@notes=\box63
\fn@width=\dimen176
) (/Users/ellen/Library/TinyTeX/texmf-dist/tex/latex/graphics/graphicx.sty
Package: graphicx 2021/09/16 v1.2d Enhanced LaTeX Graphics (DPC,SPQR)
(/Users/ellen/Library/TinyTeX/texmf-dist/tex/latex/graphics/graphics.sty
Package: graphics 2022/03/10 v1.4e Standard LaTeX Graphics (DPC,SPQR)
(/Users/ellen/Library/TinyTeX/texmf-dist/tex/latex/graphics/trig.sty
Package: trig 2021/08/11 v1.11 sin cos tan (DPC)
) (/Users/ellen/Library/TinyTeX/texmf-dist/tex/latex/graphics-cfg/graphics.cfg
File: graphics.cfg 2016/06/04 v1.11 sample graphics configuration
)
Package graphics Info: Driver file: xetex.def on input line 107.
)
\Gin@req@height=\dimen177
\Gin@req@width=\dimen178
) (/Users/ellen/Library/TinyTeX/texmf-dist/tex/latex/amscls/amsthm.sty
Package: amsthm 2020/05/29 v2.20.6
\thm@style=\toks25
\thm@bodyfont=\toks26
\thm@headfont=\toks27
\thm@notefont=\toks28
\thm@headpunct=\toks29
\thm@preskip=\skip63
\thm@postskip=\skip64
\thm@headsep=\skip65
\dth@everypar=\toks30
) (/Users/ellen/Library/TinyTeX/texmf-dist/tex/latex/natbib/natbib.sty
Package: natbib 2010/09/13 8.31b (PWD, AO)
\bibhang=\skip66
\bibsep=\skip67
LaTeX Info: Redefining \cite on input line 694.
\c@NAT@ctr=\count304
) (/Users/ellen/Library/TinyTeX/texmf-dist/tex/latex/bookmark/bookmark.sty
Package: bookmark 2020-11-06 v1.29 PDF bookmarks (HO)
(/Users/ellen/Library/TinyTeX/texmf-dist/tex/latex/hyperref/hyperref.sty
Package: hyperref 2022-11-13 v7.00u Hypertext links for LaTeX
(/Users/ellen/Library/TinyTeX/texmf-dist/tex/generic/pdftexcmds/pdftexcmds.sty
Package: pdftexcmds 2020-06-27 v0.33 Utility functions of pdfTeX for LuaTeX (HO)
(/Users/ellen/Library/TinyTeX/texmf-dist/tex/generic/infwarerr/infwarerr.sty
Package: infwarerr 2019/12/03 v1.5 Providing info/warning/error messages (HO)
)
Package pdftexcmds Info: \pdf@primitive is available.
Package pdftexcmds Info: \pdf@ifprimitive is available.
Package pdftexcmds Info: \pdfdraftmode not found.
) (/Users/ellen/Library/TinyTeX/texmf-dist/tex/generic/kvdefinekeys/kvdefinekeys.sty
Package: kvdefinekeys 2019-12-19 v1.6 Define keys (HO)
) (/Users/ellen/Library/TinyTeX/texmf-dist/tex/generic/pdfescape/pdfescape.sty
Package: pdfescape 2019/12/09 v1.15 Implements pdfTeX's escape features (HO)
) (/Users/ellen/Library/TinyTeX/texmf-dist/tex/latex/hycolor/hycolor.sty
Package: hycolor 2020-01-27 v1.10 Color options for hyperref/bookmark (HO)
) (/Users/ellen/Library/TinyTeX/texmf-dist/tex/latex/letltxmacro/letltxmacro.sty
Package: letltxmacro 2019/12/03 v1.6 Let assignment for LaTeX macros (HO)
) (/Users/ellen/Library/TinyTeX/texmf-dist/tex/latex/auxhook/auxhook.sty
Package: auxhook 2019-12-17 v1.6 Hooks for auxiliary files (HO)
) (/Users/ellen/Library/TinyTeX/texmf-dist/tex/latex/hyperref/nameref.sty
Package: nameref 2022-05-17 v2.50 Cross-referencing by name of section
(/Users/ellen/Library/TinyTeX/texmf-dist/tex/latex/refcount/refcount.sty
Package: refcount 2019/12/15 v3.6 Data extraction from label references (HO)
) (/Users/ellen/Library/TinyTeX/texmf-dist/tex/generic/gettitlestring/gettitlestring.sty
Package: gettitlestring 2019/12/15 v1.6 Cleanup title references (HO)
)
\c@section@level=\count305
)
\@linkdim=\dimen179
\Hy@linkcounter=\count306
\Hy@pagecounter=\count307
(/Users/ellen/Library/TinyTeX/texmf-dist/tex/latex/hyperref/pd1enc.def
File: pd1enc.def 2022-11-13 v7.00u Hyperref: PDFDocEncoding definition (HO)
) (/Users/ellen/Library/TinyTeX/texmf-dist/tex/generic/intcalc/intcalc.sty
Package: intcalc 2019/12/15 v1.3 Expandable calculations with integers (HO)
) (/Users/ellen/Library/TinyTeX/texmf-dist/tex/generic/etexcmds/etexcmds.sty
Package: etexcmds 2019/12/15 v1.7 Avoid name clashes with e-TeX commands (HO)
)
\Hy@SavedSpaceFactor=\count308
(/Users/ellen/Library/TinyTeX/texmf-dist/tex/latex/hyperref/puenc.def
File: puenc.def 2022-11-13 v7.00u Hyperref: PDF Unicode definition (HO)
)
Package hyperref Info: Option `unicode' set `true' on input line 4045.
Package hyperref Info: Hyper figures OFF on input line 4162.
Package hyperref Info: Link nesting OFF on input line 4167.
Package hyperref Info: Hyper index ON on input line 4170.
Package hyperref Info: Plain pages OFF on input line 4177.
Package hyperref Info: Backreferencing OFF on input line 4182.
Package hyperref Info: Implicit mode ON; LaTeX internals redefined.
Package hyperref Info: Bookmarks ON on input line 4410.
\c@Hy@tempcnt=\count309
(/Users/ellen/Library/TinyTeX/texmf-dist/tex/latex/url/url.sty
\Urlmuskip=\muskip18
Package: url 2013/09/16  ver 3.4  Verb mode for urls, etc.
)
LaTeX Info: Redefining \url on input line 4748.
\XeTeXLinkMargin=\dimen180
(/Users/ellen/Library/TinyTeX/texmf-dist/tex/generic/bitset/bitset.sty
Package: bitset 2019/12/09 v1.3 Handle bit-vector datatype (HO)
(/Users/ellen/Library/TinyTeX/texmf-dist/tex/generic/bigintcalc/bigintcalc.sty
Package: bigintcalc 2019/12/15 v1.5 Expandable calculations on big integers (HO)
))
\Fld@menulength=\count310
\Field@Width=\dimen181
\Fld@charsize=\dimen182
Package hyperref Info: Hyper figures OFF on input line 6027.
Package hyperref Info: Link nesting OFF on input line 6032.
Package hyperref Info: Hyper index ON on input line 6035.
Package hyperref Info: backreferencing OFF on input line 6042.
Package hyperref Info: Link coloring OFF on input line 6047.
Package hyperref Info: Link coloring with OCG OFF on input line 6052.
Package hyperref Info: PDF/A mode OFF on input line 6057.
(/Users/ellen/Library/TinyTeX/texmf-dist/tex/latex/base/atbegshi-ltx.sty
Package: atbegshi-ltx 2021/01/10 v1.0c Emulation of the original atbegshi
package with kernel methods
)
\Hy@abspage=\count311
\c@Item=\count312
\c@Hfootnote=\count313
)
Package hyperref Info: Driver (autodetected): hxetex.
(/Users/ellen/Library/TinyTeX/texmf-dist/tex/latex/hyperref/hxetex.def
File: hxetex.def 2022-11-13 v7.00u Hyperref driver for XeTeX
(/Users/ellen/Library/TinyTeX/texmf-dist/tex/generic/stringenc/stringenc.sty
Package: stringenc 2019/11/29 v1.12 Convert strings between diff. encodings (HO)
)
\pdfm@box=\box64
\c@Hy@AnnotLevel=\count314
\HyField@AnnotCount=\count315
\Fld@listcount=\count316
\c@bookmark@seq@number=\count317
(/Users/ellen/Library/TinyTeX/texmf-dist/tex/latex/rerunfilecheck/rerunfilecheck.sty
Package: rerunfilecheck 2022-07-10 v1.10 Rerun checks for auxiliary files (HO)
(/Users/ellen/Library/TinyTeX/texmf-dist/tex/latex/base/atveryend-ltx.sty
Package: atveryend-ltx 2020/08/19 v1.0a Emulation of the original atveryend package
with kernel methods
) (/Users/ellen/Library/TinyTeX/texmf-dist/tex/generic/uniquecounter/uniquecounter.sty
Package: uniquecounter 2019/12/15 v1.4 Provide unlimited unique counter (HO)
)
Package uniquecounter Info: New unique counter `rerunfilecheck' on input line 285.
)
\Hy@SectionHShift=\skip68
) (/Users/ellen/Library/TinyTeX/texmf-dist/tex/latex/bookmark/bkm-dvipdfm.def
File: bkm-dvipdfm.def 2020-11-06 v1.29 bookmark driver for dvipdfm (HO)
\BKM@id=\count318
)) (./7056A.aux)
\openout1 = `7056A.aux'.

LaTeX Font Info:    Checking defaults for OML/cmm/m/it on input line 186.
LaTeX Font Info:    ... okay on input line 186.
LaTeX Font Info:    Checking defaults for OMS/cmsy/m/n on input line 186.
LaTeX Font Info:    ... okay on input line 186.
LaTeX Font Info:    Checking defaults for OT1/cmr/m/n on input line 186.
LaTeX Font Info:    ... okay on input line 186.
LaTeX Font Info:    Checking defaults for T1/cmr/m/n on input line 186.
LaTeX Font Info:    ... okay on input line 186.
LaTeX Font Info:    Checking defaults for TS1/cmr/m/n on input line 186.
LaTeX Font Info:    ... okay on input line 186.
LaTeX Font Info:    Checking defaults for TU/lmr/m/n on input line 186.
LaTeX Font Info:    ... okay on input line 186.
LaTeX Font Info:    Checking defaults for OMX/cmex/m/n on input line 186.
LaTeX Font Info:    ... okay on input line 186.
LaTeX Font Info:    Checking defaults for U/cmr/m/n on input line 186.
LaTeX Font Info:    ... okay on input line 186.
LaTeX Font Info:    Checking defaults for PD1/pdf/m/n on input line 186.
LaTeX Font Info:    ... okay on input line 186.
LaTeX Font Info:    Checking defaults for PU/pdf/m/n on input line 186.
LaTeX Font Info:    ... okay on input line 186.
LaTeX Font Info:    Overwriting math alphabet `\mathrm' in version `normal'
(Font)                  OT1/lmr/m/n --> TU/lmr/m/n on input line 186.
LaTeX Font Info:    Overwriting math alphabet `\mathit' in version `normal'
(Font)                  OT1/lmr/m/it --> TU/lmr/m/it on input line 186.
LaTeX Font Info:    Overwriting math alphabet `\mathbf' in version `normal'
(Font)                  OT1/lmr/bx/n --> TU/lmr/bx/n on input line 186.
LaTeX Font Info:    Overwriting math alphabet `\mathsf' in version `normal'
(Font)                  OT1/lmss/m/n --> TU/lmss/m/n on input line 186.
LaTeX Font Info:    Overwriting math alphabet `\mathsf' in version `bold'
(Font)                  OT1/lmss/bx/n --> TU/lmss/bx/n on input line 186.
LaTeX Font Info:    Overwriting math alphabet `\mathtt' in version `normal'
(Font)                  OT1/lmtt/m/n --> TU/lmtt/m/n on input line 186.
LaTeX Font Info:    Overwriting math alphabet `\mathtt' in version `bold'
(Font)                  OT1/lmtt/m/n --> TU/lmtt/bx/n on input line 186.

Package fontspec Info: latinmodern-math scale = 0.9999964596882403.


Package fontspec Info: latinmodern-math scale = 0.9999964596882403.


Package fontspec Info: latinmodern-math scale = 0.9999964596882403.


Package fontspec Info: Font family 'latinmodern-math.otf(0)' created for font
(fontspec)             'latinmodern-math.otf' with options
(fontspec)             [Scale=MatchLowercase,BoldItalicFont={},ItalicFont={},SmallCapsFont={},Script=Math,BoldFont={latinmodern-math.otf}].
(fontspec)              
(fontspec)              This font family consists of the following NFSS
(fontspec)             series/shapes:
(fontspec)              
(fontspec)             - 'normal' (m/n) with NFSS spec.:
(fontspec)             <->s*[0.9999964596882403]"[latinmodern-math.otf]/OT:script=math;language=dflt;"
(fontspec)             - 'small caps'  (m/sc) with NFSS spec.: 
(fontspec)             - 'bold' (b/n) with NFSS spec.:
(fontspec)             <->s*[0.9999964596882403]"[latinmodern-math.otf]/OT:script=math;language=dflt;"
(fontspec)             - 'bold small caps'  (b/sc) with NFSS spec.: 

LaTeX Font Info:    Font shape `TU/latinmodern-math.otf(0)/m/n' will be
(Font)              scaled to size 10.0pt on input line 186.

Package fontspec Info: latinmodern-math scale = 0.9999964596882403.


Package fontspec Info: latinmodern-math scale = 0.9999964596882403.


Package fontspec Info: latinmodern-math scale = 0.9999964596882403.


Package fontspec Info: latinmodern-math scale = 0.9999964596882403.


Package fontspec Info: latinmodern-math scale = 0.9999964596882403.


Package fontspec Info: Font family 'latinmodern-math.otf(1)' created for font
(fontspec)             'latinmodern-math.otf' with options
(fontspec)             [Scale=MatchLowercase,BoldItalicFont={},ItalicFont={},SmallCapsFont={},Script=Math,SizeFeatures={{Size=8.5-},{Size=6-8.5,Font=latinmodern-math.otf,Style=MathScript},{Size=-6,Font=latinmodern-math.otf,Style=MathScriptScript}},BoldFont={latinmodern-math.otf}].
(fontspec)              
(fontspec)              This font family consists of the following NFSS
(fontspec)             series/shapes:
(fontspec)              
(fontspec)             - 'normal' (m/n) with NFSS spec.:
(fontspec)             <8.5->s*[0.9999964596882403]"[latinmodern-math.otf]/OT:script=math;language=dflt;"<6-8.5>s*[0.9999964596882403]"[latinmodern-math.otf]/OT:script=math;language=dflt;+ssty=0;"<-6>s*[0.9999964596882403]"[latinmodern-math.otf]/OT:script=math;language=dflt;+ssty=1;"
(fontspec)             - 'small caps'  (m/sc) with NFSS spec.: 
(fontspec)             - 'bold' (b/n) with NFSS spec.:
(fontspec)             <->s*[0.9999964596882403]"[latinmodern-math.otf]/OT:script=math;language=dflt;"
(fontspec)             - 'bold small caps'  (b/sc) with NFSS spec.: 

LaTeX Font Info:    Font shape `TU/latinmodern-math.otf(1)/m/n' will be
(Font)              scaled to size 10.0pt on input line 186.
LaTeX Font Info:    Encoding `OT1' has changed to `TU' for symbol font
(Font)              `operators' in the math version `normal' on input line 186.
LaTeX Font Info:    Overwriting symbol font `operators' in version `normal'
(Font)                  OT1/lmr/m/n --> TU/latinmodern-math.otf(1)/m/n on input line 186.
LaTeX Font Info:    Encoding `OT1' has changed to `TU' for symbol font
(Font)              `operators' in the math version `bold' on input line 186.
LaTeX Font Info:    Overwriting symbol font `operators' in version `bold'
(Font)                  OT1/lmr/bx/n --> TU/latinmodern-math.otf(1)/b/n on input line 186.

Package fontspec Info: latinmodern-math scale = 0.9999964596882403.


Package fontspec Info: latinmodern-math scale = 1.000096459334209.


Package fontspec Info: latinmodern-math scale = 0.9999964596882403.


Package fontspec Info: latinmodern-math scale = 1.000096459334209.


Package fontspec Info: latinmodern-math scale = 0.9999964596882403.


Package fontspec Info: latinmodern-math scale = 1.000096459334209.


Package fontspec Info: latinmodern-math scale = 0.9999964596882403.


Package fontspec Info: latinmodern-math scale = 1.000096459334209.


Package fontspec Info: latinmodern-math scale = 0.9999964596882403.


Package fontspec Info: latinmodern-math scale = 1.000096459334209.


Package fontspec Info: Font family 'latinmodern-math.otf(2)' created for font
(fontspec)             'latinmodern-math.otf' with options
(fontspec)             [Scale=MatchLowercase,BoldItalicFont={},ItalicFont={},SmallCapsFont={},Script=Math,SizeFeatures={{Size=8.5-},{Size=6-8.5,Font=latinmodern-math.otf,Style=MathScript},{Size=-6,Font=latinmodern-math.otf,Style=MathScriptScript}},BoldFont={latinmodern-math.otf},ScaleAgain=1.0001,FontAdjustment={\fontdimen
(fontspec)             8\font =6.77pt\relax \fontdimen 9\font =3.94pt\relax
(fontspec)             \fontdimen 10\font =4.44pt\relax \fontdimen 11\font
(fontspec)             =6.86pt\relax \fontdimen 12\font =3.45pt\relax
(fontspec)             \fontdimen 13\font =3.63pt\relax \fontdimen 14\font
(fontspec)             =3.63pt\relax \fontdimen 15\font =2.89pt\relax
(fontspec)             \fontdimen 16\font =2.47pt\relax \fontdimen 17\font
(fontspec)             =2.47pt\relax \fontdimen 18\font =2.5pt\relax
(fontspec)             \fontdimen 19\font =2.0pt\relax \fontdimen 22\font
(fontspec)             =2.5pt\relax \fontdimen 20\font =0pt\relax \fontdimen
(fontspec)             21\font =0pt\relax }].
(fontspec)              
(fontspec)              This font family consists of the following NFSS
(fontspec)             series/shapes:
(fontspec)              
(fontspec)             - 'normal' (m/n) with NFSS spec.:
(fontspec)             <8.5->s*[1.000096459334209]"[latinmodern-math.otf]/OT:script=math;language=dflt;"<6-8.5>s*[1.000096459334209]"[latinmodern-math.otf]/OT:script=math;language=dflt;+ssty=0;"<-6>s*[1.000096459334209]"[latinmodern-math.otf]/OT:script=math;language=dflt;+ssty=1;"
(fontspec)             - 'small caps'  (m/sc) with NFSS spec.: 
(fontspec)             and font adjustment code:
(fontspec)             \fontdimen 8\font =6.77pt\relax \fontdimen 9\font
(fontspec)             =3.94pt\relax \fontdimen 10\font =4.44pt\relax
(fontspec)             \fontdimen 11\font =6.86pt\relax \fontdimen 12\font
(fontspec)             =3.45pt\relax \fontdimen 13\font =3.63pt\relax
(fontspec)             \fontdimen 14\font =3.63pt\relax \fontdimen 15\font
(fontspec)             =2.89pt\relax \fontdimen 16\font =2.47pt\relax
(fontspec)             \fontdimen 17\font =2.47pt\relax \fontdimen 18\font
(fontspec)             =2.5pt\relax \fontdimen 19\font =2.0pt\relax \fontdimen
(fontspec)             22\font =2.5pt\relax \fontdimen 20\font =0pt\relax
(fontspec)             \fontdimen 21\font =0pt\relax 
(fontspec)             - 'bold' (b/n) with NFSS spec.:
(fontspec)             <->s*[1.000096459334209]"[latinmodern-math.otf]/OT:script=math;language=dflt;"
(fontspec)             - 'bold small caps'  (b/sc) with NFSS spec.: 
(fontspec)             and font adjustment code:
(fontspec)             \fontdimen 8\font =6.77pt\relax \fontdimen 9\font
(fontspec)             =3.94pt\relax \fontdimen 10\font =4.44pt\relax
(fontspec)             \fontdimen 11\font =6.86pt\relax \fontdimen 12\font
(fontspec)             =3.45pt\relax \fontdimen 13\font =3.63pt\relax
(fontspec)             \fontdimen 14\font =3.63pt\relax \fontdimen 15\font
(fontspec)             =2.89pt\relax \fontdimen 16\font =2.47pt\relax
(fontspec)             \fontdimen 17\font =2.47pt\relax \fontdimen 18\font
(fontspec)             =2.5pt\relax \fontdimen 19\font =2.0pt\relax \fontdimen
(fontspec)             22\font =2.5pt\relax \fontdimen 20\font =0pt\relax
(fontspec)             \fontdimen 21\font =0pt\relax 

LaTeX Font Info:    Encoding `OMS' has changed to `TU' for symbol font
(Font)              `symbols' in the math version `normal' on input line 186.
LaTeX Font Info:    Overwriting symbol font `symbols' in version `normal'
(Font)                  OMS/lmsy/m/n --> TU/latinmodern-math.otf(2)/m/n on input line 186.
LaTeX Font Info:    Encoding `OMS' has changed to `TU' for symbol font
(Font)              `symbols' in the math version `bold' on input line 186.
LaTeX Font Info:    Overwriting symbol font `symbols' in version `bold'
(Font)                  OMS/lmsy/b/n --> TU/latinmodern-math.otf(2)/b/n on input line 186.

Package fontspec Info: latinmodern-math scale = 0.9999964596882403.


Package fontspec Info: latinmodern-math scale = 0.9998964600422715.


Package fontspec Info: latinmodern-math scale = 0.9999964596882403.


Package fontspec Info: latinmodern-math scale = 0.9998964600422715.


Package fontspec Info: latinmodern-math scale = 0.9999964596882403.


Package fontspec Info: latinmodern-math scale = 0.9998964600422715.


Package fontspec Info: latinmodern-math scale = 0.9999964596882403.


Package fontspec Info: latinmodern-math scale = 0.9998964600422715.


Package fontspec Info: latinmodern-math scale = 0.9999964596882403.


Package fontspec Info: latinmodern-math scale = 0.9998964600422715.


Package fontspec Info: Font family 'latinmodern-math.otf(3)' created for font
(fontspec)             'latinmodern-math.otf' with options
(fontspec)             [Scale=MatchLowercase,BoldItalicFont={},ItalicFont={},SmallCapsFont={},Script=Math,SizeFeatures={{Size=8.5-},{Size=6-8.5,Font=latinmodern-math.otf,Style=MathScript},{Size=-6,Font=latinmodern-math.otf,Style=MathScriptScript}},BoldFont={latinmodern-math.otf},ScaleAgain=0.9999,FontAdjustment={\fontdimen
(fontspec)             8\font =0.4pt\relax \fontdimen 9\font =2.0pt\relax
(fontspec)             \fontdimen 10\font =1.67pt\relax \fontdimen 11\font
(fontspec)             =1.11pt\relax \fontdimen 12\font =6.0pt\relax
(fontspec)             \fontdimen 13\font =0pt\relax }].
(fontspec)              
(fontspec)              This font family consists of the following NFSS
(fontspec)             series/shapes:
(fontspec)              
(fontspec)             - 'normal' (m/n) with NFSS spec.:
(fontspec)             <8.5->s*[0.9998964600422715]"[latinmodern-math.otf]/OT:script=math;language=dflt;"<6-8.5>s*[0.9998964600422715]"[latinmodern-math.otf]/OT:script=math;language=dflt;+ssty=0;"<-6>s*[0.9998964600422715]"[latinmodern-math.otf]/OT:script=math;language=dflt;+ssty=1;"
(fontspec)             - 'small caps'  (m/sc) with NFSS spec.: 
(fontspec)             and font adjustment code:
(fontspec)             \fontdimen 8\font =0.4pt\relax \fontdimen 9\font
(fontspec)             =2.0pt\relax \fontdimen 10\font =1.67pt\relax
(fontspec)             \fontdimen 11\font =1.11pt\relax \fontdimen 12\font
(fontspec)             =6.0pt\relax \fontdimen 13\font =0pt\relax 
(fontspec)             - 'bold' (b/n) with NFSS spec.:
(fontspec)             <->s*[0.9998964600422715]"[latinmodern-math.otf]/OT:script=math;language=dflt;"
(fontspec)             - 'bold small caps'  (b/sc) with NFSS spec.: 
(fontspec)             and font adjustment code:
(fontspec)             \fontdimen 8\font =0.4pt\relax \fontdimen 9\font
(fontspec)             =2.0pt\relax \fontdimen 10\font =1.67pt\relax
(fontspec)             \fontdimen 11\font =1.11pt\relax \fontdimen 12\font
(fontspec)             =6.0pt\relax \fontdimen 13\font =0pt\relax 

LaTeX Font Info:    Encoding `OMX' has changed to `TU' for symbol font
(Font)              `largesymbols' in the math version `normal' on input line 186.
LaTeX Font Info:    Overwriting symbol font `largesymbols' in version `normal'
(Font)                  OMX/lmex/m/n --> TU/latinmodern-math.otf(3)/m/n on input line 186.
LaTeX Font Info:    Encoding `OMX' has changed to `TU' for symbol font
(Font)              `largesymbols' in the math version `bold' on input line 186.
LaTeX Font Info:    Overwriting symbol font `largesymbols' in version `bold'
(Font)                  OMX/lmex/m/n --> TU/latinmodern-math.otf(3)/b/n on input line 186.
LaTeX Info: Redefining \microtypecontext on input line 186.
Package microtype Info: Applying patch `item' on input line 186.
Package microtype Info: Applying patch `toc' on input line 186.
Package microtype Info: Applying patch `eqnum' on input line 186.
Package microtype Info: Applying patch `footnote' on input line 186.
Package microtype Info: Character protrusion enabled (level 2).
Package microtype Info: Using protrusion set `basicmath'.
Package microtype Info: No adjustment of tracking.
Package microtype Info: No adjustment of spacing.
Package microtype Info: No adjustment of kerning.
(/Users/ellen/Library/TinyTeX/texmf-dist/tex/latex/microtype/mt-LatinModernRoman.cfg
File: mt-LatinModernRoman.cfg 2021/02/21 v1.1 microtype config. file: Latin Modern Roman (RS)
)
Package hyperref Info: Link coloring OFF on input line 186.
LaTeX Font Info:    Font shape `TU/latinmodern-math.otf(1)/m/n' will be
(Font)              scaled to size 12.0pt on input line 188.
LaTeX Font Info:    Font shape `TU/latinmodern-math.otf(1)/m/n' will be
(Font)              scaled to size 8.0pt on input line 188.
LaTeX Font Info:    Font shape `TU/latinmodern-math.otf(1)/m/n' will be
(Font)              scaled to size 6.0pt on input line 188.
LaTeX Font Info:    Trying to load font information for OML+lmm on input line 188.
(/Users/ellen/Library/TinyTeX/texmf-dist/tex/latex/lm/omllmm.fd
File: omllmm.fd 2015/05/01 v1.6.1 Font defs for Latin Modern
)
LaTeX Font Info:    Font shape `TU/latinmodern-math.otf(2)/m/n' will be
(Font)              scaled to size 12.0011pt on input line 188.
LaTeX Font Info:    Font shape `TU/latinmodern-math.otf(2)/m/n' will be
(Font)              scaled to size 8.00073pt on input line 188.
LaTeX Font Info:    Font shape `TU/latinmodern-math.otf(2)/m/n' will be
(Font)              scaled to size 6.00055pt on input line 188.
LaTeX Font Info:    Font shape `TU/latinmodern-math.otf(3)/m/n' will be
(Font)              scaled to size 11.99872pt on input line 188.
LaTeX Font Info:    Font shape `TU/latinmodern-math.otf(3)/m/n' will be
(Font)              scaled to size 7.99915pt on input line 188.
LaTeX Font Info:    Font shape `TU/latinmodern-math.otf(3)/m/n' will be
(Font)              scaled to size 5.99936pt on input line 188.
LaTeX Font Info:    Trying to load font information for U+msa on input line 188.
(/Users/ellen/Library/TinyTeX/texmf-dist/tex/latex/amsfonts/umsa.fd
File: umsa.fd 2013/01/14 v3.01 AMS symbols A
) (/Users/ellen/Library/TinyTeX/texmf-dist/tex/latex/microtype/mt-msa.cfg
File: mt-msa.cfg 2006/02/04 v1.1 microtype config. file: AMS symbols (a) (RS)
)
LaTeX Font Info:    Trying to load font information for U+msb on input line 188.
(/Users/ellen/Library/TinyTeX/texmf-dist/tex/latex/amsfonts/umsb.fd
File: umsb.fd 2013/01/14 v3.01 AMS symbols B
) (/Users/ellen/Library/TinyTeX/texmf-dist/tex/latex/microtype/mt-msb.cfg
File: mt-msb.cfg 2005/06/01 v1.0 microtype config. file: AMS symbols (b) (RS)
) [1


] [2

] (./7056A.toc
LaTeX Font Info:    Font shape `TU/latinmodern-math.otf(1)/m/n' will be
(Font)              scaled to size 7.0pt on input line 2.
LaTeX Font Info:    Font shape `TU/latinmodern-math.otf(1)/m/n' will be
(Font)              scaled to size 5.0pt on input line 2.
LaTeX Font Info:    Font shape `TU/latinmodern-math.otf(2)/m/n' will be
(Font)              scaled to size 10.00092pt on input line 2.
LaTeX Font Info:    Font shape `TU/latinmodern-math.otf(2)/m/n' will be
(Font)              scaled to size 7.00064pt on input line 2.
LaTeX Font Info:    Font shape `TU/latinmodern-math.otf(2)/m/n' will be
(Font)              scaled to size 5.00046pt on input line 2.
LaTeX Font Info:    Font shape `TU/latinmodern-math.otf(3)/m/n' will be
(Font)              scaled to size 9.99893pt on input line 2.
LaTeX Font Info:    Font shape `TU/latinmodern-math.otf(3)/m/n' will be
(Font)              scaled to size 6.99925pt on input line 2.
LaTeX Font Info:    Font shape `TU/latinmodern-math.otf(3)/m/n' will be
(Font)              scaled to size 4.99947pt on input line 2.
[3] [4])
\tf@toc=\write4
\openout4 = `7056A.toc'.

[5] [6

]
Chapter 1.
[7] [8]
File: figures/posit1.jpg Graphic file (type bmp)
<figures/posit1.jpg>
File: figures/posit2.jpg Graphic file (type bmp)
<figures/posit2.jpg>
[9] [10]
File: figures/posit3.jpg Graphic file (type bmp)
<figures/posit3.jpg>
File: figures/posit4.jpg Graphic file (type bmp)
<figures/posit4.jpg>
[11]
File: figures/posit5.jpg Graphic file (type bmp)
<figures/posit5.jpg>
LaTeX Font Info:    Font shape `TU/lmtt/bx/n' in size <10> not available
(Font)              Font shape `TU/lmtt/b/n' tried instead on input line 323.
[12] [13]
File: figures/posit6.jpg Graphic file (type bmp)
<figures/posit6.jpg>
File: figures/posit7.jpg Graphic file (type bmp)
<figures/posit7.jpg>
[14] [15] [16] [17] [18] [19] [20]
File: figures/absolutePathNames.jpg Graphic file (type bmp)
<figures/absolutePathNames.jpg>

Overfull \hbox (23.33pt too wide) in paragraph at lines 627--628
\TU/lmtt/m/n/10 ("data/any_sub_folders_you_may_have_made/the_file_you_wish_to_access")\TU/lmr/m/n/10 .
 []

[21] [22] [23] [24]
Chapter 2.
[25

] [26] [27] [28]
Missing character: There is no ─ (U+2500) in font [lmmono10-regular]:!
Missing character: There is no ─ (U+2500) in font [lmmono10-regular]:!
Missing character: There is no ─ (U+2500) in font [lmmono10-regular]:!
Missing character: There is no ─ (U+2500) in font [lmmono10-regular]:!
Missing character: There is no ─ (U+2500) in font [lmmono10-regular]:!
Missing character: There is no ─ (U+2500) in font [lmmono10-regular]:!
Missing character: There is no ─ (U+2500) in font [lmmono10-regular]:!
Missing character: There is no ─ (U+2500) in font [lmmono10-regular]:!
Missing character: There is no ─ (U+2500) in font [lmmono10-regular]:!
Missing character: There is no ─ (U+2500) in font [lmmono10-regular]:!
Missing character: There is no ─ (U+2500) in font [lmmono10-regular]:!
Missing character: There is no ─ (U+2500) in font [lmmono10-regular]:!
Missing character: There is no ─ (U+2500) in font [lmmono10-regular]:!
Missing character: There is no ─ (U+2500) in font [lmmono10-regular]:!
Missing character: There is no ─ (U+2500) in font [lmmono10-regular]:!
Missing character: There is no ─ (U+2500) in font [lmmono10-regular]:!
Missing character: There is no ─ (U+2500) in font [lmmono10-regular]:!
Missing character: There is no ─ (U+2500) in font [lmmono10-regular]:!
Missing character: There is no ─ (U+2500) in font [lmmono10-regular]:!
Missing character: There is no ─ (U+2500) in font [lmmono10-regular]:!
Missing character: There is no ─ (U+2500) in font [lmmono10-regular]:!
Missing character: There is no ─ (U+2500) in font [lmmono10-regular]:!
Missing character: There is no ─ (U+2500) in font [lmmono10-regular]:!
Missing character: There is no ─ (U+2500) in font [lmmono10-regular]:!
Missing character: There is no ─ (U+2500) in font [lmmono10-regular]:!
Missing character: There is no ─ (U+2500) in font [lmmono10-regular]:!
Missing character: There is no ─ (U+2500) in font [lmmono10-regular]:!
Missing character: There is no ─ (U+2500) in font [lmmono10-regular]:!
Missing character: There is no ─ (U+2500) in font [lmmono10-regular]:!
Missing character: There is no ─ (U+2500) in font [lmmono10-regular]:!
Missing character: There is no ─ (U+2500) in font [lmmono10-regular]:!
Missing character: There is no ─ (U+2500) in font [lmmono10-regular]:!
Missing character: There is no ─ (U+2500) in font [lmmono10-regular]:!
Missing character: There is no ─ (U+2500) in font [lmmono10-regular]:!
Missing character: There is no ─ (U+2500) in font [lmmono10-regular]:!
Missing character: There is no ─ (U+2500) in font [lmmono10-regular]:!
Missing character: There is no ─ (U+2500) in font [lmmono10-regular]:!
Missing character: There is no ─ (U+2500) in font [lmmono10-regular]:!
Missing character: There is no ─ (U+2500) in font [lmmono10-regular]:!
Missing character: There is no ─ (U+2500) in font [lmmono10-regular]:!
Missing character: There is no ─ (U+2500) in font [lmmono10-regular]:!
Missing character: There is no ─ (U+2500) in font [lmmono10-regular]:!
Missing character: There is no ─ (U+2500) in font [lmmono10-regular]:!
Missing character: There is no ─ (U+2500) in font [lmmono10-regular]:!
Missing character: There is no ─ (U+2500) in font [lmmono10-regular]:!
Missing character: There is no ─ (U+2500) in font [lmmono10-regular]:!
Missing character: There is no ─ (U+2500) in font [lmmono10-regular]:!
Missing character: There is no ─ (U+2500) in font [lmmono10-regular]:!
Missing character: There is no ─ (U+2500) in font [lmmono10-regular]:!
Missing character: There is no ─ (U+2500) in font [lmmono10-regular]:!
Missing character: There is no ─ (U+2500) in font [lmmono10-regular]:!
Missing character: There is no ─ (U+2500) in font [lmmono10-regular]:!
Missing character: There is no ─ (U+2500) in font [lmmono10-regular]:!
Missing character: There is no ─ (U+2500) in font [lmmono10-regular]:!
Missing character: There is no ─ (U+2500) in font [lmmono10-regular]:!
Missing character: There is no ─ (U+2500) in font [lmmono10-regular]:!
Missing character: There is no ─ (U+2500) in font [lmmono10-regular]:!
Missing character: There is no ─ (U+2500) in font [lmmono10-regular]:!
Missing character: There is no ─ (U+2500) in font [lmmono10-regular]:!
Missing character: There is no ─ (U+2500) in font [lmmono10-regular]:!
Missing character: There is no ─ (U+2500) in font [lmmono10-regular]:!
Missing character: There is no ℹ (U+2139) in font [lmmono10-regular]:!
Missing character: There is no ℹ (U+2139) in font [lmmono10-regular]:!

Overfull \hbox (25.3pt too wide) in paragraph at lines 894--894
[]\TU/lmtt/m/n/10 ℹ Use []spec()[] to retrieve the full column specification for this data.[] 
 []

Missing character: There is no ℹ (U+2139) in font [lmmono10-regular]:!
Missing character: There is no ℹ (U+2139) in font [lmmono10-regular]:!

Overfull \hbox (77.8pt too wide) in paragraph at lines 894--894
[]\TU/lmtt/m/n/10 ℹ Specify the column types or set []show_col_types = FALSE[] to quiet this message.[] 
 []

[29] [30] [31] [32] [33] [34] [35] [36

]
Chapter 3.

Underfull \vbox (badness 1642) has occurred while \output is active []

[37]
Overfull \hbox (116.04344pt too wide) has occurred while \output is active
\TU/lmr/m/n/10 38 \TU/lmr/m/sl/10 CHAPTER 3.  WORKSHOP 3 - SAMPLING DISTRIBUTIONS AND TESTING FOR DIFFERENCES
 []

[38] [39]
Overfull \hbox (116.04344pt too wide) has occurred while \output is active
\TU/lmr/m/n/10 40 \TU/lmr/m/sl/10 CHAPTER 3.  WORKSHOP 3 - SAMPLING DISTRIBUTIONS AND TESTING FOR DIFFERENCES
 []

[40]
Underfull \vbox (badness 5771) has occurred while \output is active []

[41]
Overfull \hbox (116.04344pt too wide) has occurred while \output is active
\TU/lmr/m/n/10 42 \TU/lmr/m/sl/10 CHAPTER 3.  WORKSHOP 3 - SAMPLING DISTRIBUTIONS AND TESTING FOR DIFFERENCES
 []

[42] [43]
Overfull \hbox (116.04344pt too wide) has occurred while \output is active
\TU/lmr/m/n/10 44 \TU/lmr/m/sl/10 CHAPTER 3.  WORKSHOP 3 - SAMPLING DISTRIBUTIONS AND TESTING FOR DIFFERENCES
 []

[44] [45]
Overfull \hbox (153.75pt too wide) in paragraph at lines 1517--1517
[]\TU/lmtt/m/n/10 alternative hypothesis: true difference in means between group NV and group V is not equal to 0[] 
 []


Overfull \hbox (116.04344pt too wide) has occurred while \output is active
\TU/lmr/m/n/10 46 \TU/lmr/m/sl/10 CHAPTER 3.  WORKSHOP 3 - SAMPLING DISTRIBUTIONS AND TESTING FOR DIFFERENCES
 []

[46] [47]
Overfull \hbox (116.04344pt too wide) has occurred while \output is active
\TU/lmr/m/n/10 48 \TU/lmr/m/sl/10 CHAPTER 3.  WORKSHOP 3 - SAMPLING DISTRIBUTIONS AND TESTING FOR DIFFERENCES
 []

[48

]
Chapter 4.
[49]
File: figures/random.png Graphic file (type bmp)
<figures/random.png>
File: figures/blocked.png Graphic file (type bmp)
<figures/blocked.png>
File: figures/latin_square.png Graphic file (type bmp)
<figures/latin_square.png>

Overfull \hbox (118.47235pt too wide) has occurred while \output is active
\TU/lmr/m/n/10 50 \TU/lmr/m/sl/10 CHAPTER 4.  WORKSHOP 4 - INTRODUCTION TO DESIGN AND ANALYSIS OF EXPERIMENTS
 []

[50]
File: figures/split_plots.png Graphic file (type bmp)
<figures/split_plots.png>
[51]
Overfull \hbox (118.47235pt too wide) has occurred while \output is active
\TU/lmr/m/n/10 52 \TU/lmr/m/sl/10 CHAPTER 4.  WORKSHOP 4 - INTRODUCTION TO DESIGN AND ANALYSIS OF EXPERIMENTS
 []

[52]
File: figures/nitrogen_phosphorus.png Graphic file (type bmp)
<figures/nitrogen_phosphorus.png>
[53]
Overfull \hbox (118.47235pt too wide) has occurred while \output is active
\TU/lmr/m/n/10 54 \TU/lmr/m/sl/10 CHAPTER 4.  WORKSHOP 4 - INTRODUCTION TO DESIGN AND ANALYSIS OF EXPERIMENTS
 []

[54] [55]
Overfull \hbox (118.47235pt too wide) has occurred while \output is active
\TU/lmr/m/n/10 56 \TU/lmr/m/sl/10 CHAPTER 4.  WORKSHOP 4 - INTRODUCTION TO DESIGN AND ANALYSIS OF EXPERIMENTS
 []

[56] [57]
Overfull \hbox (118.47235pt too wide) has occurred while \output is active
\TU/lmr/m/n/10 58 \TU/lmr/m/sl/10 CHAPTER 4.  WORKSHOP 4 - INTRODUCTION TO DESIGN AND ANALYSIS OF EXPERIMENTS
 []

[58] [59]
Overfull \hbox (118.47235pt too wide) has occurred while \output is active
\TU/lmr/m/n/10 60 \TU/lmr/m/sl/10 CHAPTER 4.  WORKSHOP 4 - INTRODUCTION TO DESIGN AND ANALYSIS OF EXPERIMENTS
 []

[60

]
Chapter 5.
[61]
File: figures/regression.jpg Graphic file (type bmp)
<figures/regression.jpg>
File: figures/residuals.png Graphic file (type bmp)
<figures/residuals.png>

Overfull \hbox (51.04454pt too wide) has occurred while \output is active
\TU/lmr/m/n/10 62 \TU/lmr/m/sl/10 CHAPTER 5.  WORKSHOP 5 - TESTING FOR AND MEASURING RELATIONSHIPS
 []

[62] [63]
Overfull \hbox (51.04454pt too wide) has occurred while \output is active
\TU/lmr/m/n/10 64 \TU/lmr/m/sl/10 CHAPTER 5.  WORKSHOP 5 - TESTING FOR AND MEASURING RELATIONSHIPS
 []

[64]
Overfull \hbox (0.10672pt too wide) has occurred while \output is active
\TU/lmr/m/sl/10 5.2.  PRACTICAL 5 - REGRESSION & CORRELATION INTRODUCTION \TU/lmr/m/n/10 65
 []

[65]
Overfull \hbox (51.04454pt too wide) has occurred while \output is active
\TU/lmr/m/n/10 66 \TU/lmr/m/sl/10 CHAPTER 5.  WORKSHOP 5 - TESTING FOR AND MEASURING RELATIONSHIPS
 []

[66]
Overfull \hbox (0.10672pt too wide) has occurred while \output is active
\TU/lmr/m/sl/10 5.2.  PRACTICAL 5 - REGRESSION & CORRELATION INTRODUCTION \TU/lmr/m/n/10 67
 []

[67]
Overfull \hbox (51.04454pt too wide) has occurred while \output is active
\TU/lmr/m/n/10 68 \TU/lmr/m/sl/10 CHAPTER 5.  WORKSHOP 5 - TESTING FOR AND MEASURING RELATIONSHIPS
 []

[68]
Overfull \hbox (0.10672pt too wide) has occurred while \output is active
\TU/lmr/m/sl/10 5.2.  PRACTICAL 5 - REGRESSION & CORRELATION INTRODUCTION \TU/lmr/m/n/10 69
 []

[69]
Overfull \hbox (51.04454pt too wide) has occurred while \output is active
\TU/lmr/m/n/10 70 \TU/lmr/m/sl/10 CHAPTER 5.  WORKSHOP 5 - TESTING FOR AND MEASURING RELATIONSHIPS
 []

[70] [71]
Overfull \hbox (51.04454pt too wide) has occurred while \output is active
\TU/lmr/m/n/10 72 \TU/lmr/m/sl/10 CHAPTER 5.  WORKSHOP 5 - TESTING FOR AND MEASURING RELATIONSHIPS
 []

[72]
Chapter 6.
[73

]
File: figures/distributions.png Graphic file (type bmp)
<figures/distributions.png>
File: figures/log_scatter.png Graphic file (type bmp)
<figures/log_scatter.png>

Overfull \hbox (95.61346pt too wide) has occurred while \output is active
\TU/lmr/m/n/10 74 \TU/lmr/m/sl/10 CHAPTER 6.  WORKSHOP 6 - ISSUES WITH PROBABILITY AND PARAMETRIC ANALYSIS
 []

[74] [75]
Overfull \hbox (95.61346pt too wide) has occurred while \output is active
\TU/lmr/m/n/10 76 \TU/lmr/m/sl/10 CHAPTER 6.  WORKSHOP 6 - ISSUES WITH PROBABILITY AND PARAMETRIC ANALYSIS
 []

[76]
Underfull \hbox (badness 3281) in paragraph at lines 2545--2545
[]\TU/lmr/bx/n/14.4 Practical 6 - Transformations & Non-
 []


Overfull \hbox (115.58453pt too wide) has occurred while \output is active
\TU/lmr/m/sl/10 6.2.  PRACTICAL 6 - TRANSFORMATIONS & NON-PARAMETRIC TESTS - AN INTRODUCTION \TU/lmr/m/n/10 77
 []

[77]
Overfull \hbox (54.0pt too wide) in paragraph at lines 2564--2564
[]\TU/lmtt/m/n/10 Site 1; 0.142, 0.084, 0.029, 0.175, 0.047, 0.012, 0.042, 0.200, 0.973, 0.158[] 
 []


Overfull \hbox (54.0pt too wide) in paragraph at lines 2564--2564
[]\TU/lmtt/m/n/10 Site 2; 1.304, 1.647, 0.269, 0.209, 0.131, 0.818, 4.571, 9.377, 0.204, 0.169[] 
 []


Overfull \hbox (95.61346pt too wide) has occurred while \output is active
\TU/lmr/m/n/10 78 \TU/lmr/m/sl/10 CHAPTER 6.  WORKSHOP 6 - ISSUES WITH PROBABILITY AND PARAMETRIC ANALYSIS
 []

[78]
Overfull \hbox (115.58453pt too wide) has occurred while \output is active
\TU/lmr/m/sl/10 6.2.  PRACTICAL 6 - TRANSFORMATIONS & NON-PARAMETRIC TESTS - AN INTRODUCTION \TU/lmr/m/n/10 79
 []

[79]
File: figures/ranks.png Graphic file (type bmp)
<figures/ranks.png>

Overfull \hbox (95.61346pt too wide) has occurred while \output is active
\TU/lmr/m/n/10 80 \TU/lmr/m/sl/10 CHAPTER 6.  WORKSHOP 6 - ISSUES WITH PROBABILITY AND PARAMETRIC ANALYSIS
 []

[80]
Underfull \vbox (badness 2277) has occurred while \output is active []


Overfull \hbox (115.58453pt too wide) has occurred while \output is active
\TU/lmr/m/sl/10 6.2.  PRACTICAL 6 - TRANSFORMATIONS & NON-PARAMETRIC TESTS - AN INTRODUCTION \TU/lmr/m/n/10 81
 []

[81]
Overfull \hbox (190.5pt too wide) in paragraph at lines 2758--2758
[]\TU/lmtt/m/n/10 mother; 8.70, 8.50, 9.40, 10.00, 6.30, 7.80, 11.90, 6.50, 6.60, 10.60, 10.20, 7.20, 8.60, 11.10, 11.60[] 
 []


Overfull \hbox (174.75pt too wide) in paragraph at lines 2758--2758
[]\TU/lmtt/m/n/10 offspring; 5.95, 5.65, 6.00, 5.70, 4.70, 5.53, 6.40, 4.18, 6.15, 5.93, 5.70, 5.68, 6.13, 6.30, 6.03[] 
 []


Overfull \hbox (95.61346pt too wide) has occurred while \output is active
\TU/lmr/m/n/10 82 \TU/lmr/m/sl/10 CHAPTER 6.  WORKSHOP 6 - ISSUES WITH PROBABILITY AND PARAMETRIC ANALYSIS
 []

[82]
Overfull \hbox (48.75pt too wide) in paragraph at lines 2831--2831
[]\TU/lmtt/m/n/10 In cor.test.default(aphids$mother, aphids$offspring, method = "spearman") :[] 
 []

[83]
Overfull \hbox (95.61346pt too wide) has occurred while \output is active
\TU/lmr/m/n/10 84 \TU/lmr/m/sl/10 CHAPTER 6.  WORKSHOP 6 - ISSUES WITH PROBABILITY AND PARAMETRIC ANALYSIS
 []

[84

]
Chapter 7.
[85]

LaTeX Warning: Reference `differences' on page 86 undefined on input line 2884.

File: figures/pecking_rates_1.png Graphic file (type bmp)
<figures/pecking_rates_1.png>
[86]
File: figures/pecking_rates_2.png Graphic file (type bmp)
<figures/pecking_rates_2.png>
[87]
Overfull \hbox (12.0pt too wide) in paragraph at lines 2985--2985
[]\TU/lmtt/m/n/10 ! Insufficient values in manual scale. 2 needed but only 0 provided.[] 
 []


Underfull \hbox (badness 3713) in paragraph at lines 2991--2992
\TU/lmr/m/n/10 the \TU/lmtt/m/n/10 scale_fill_manual \TU/lmr/m/n/10 function to this \TU/lmtt/m/n/10 scale_fill_manual(labels =
 []

[88] [89] [90] [91]
Underfull \hbox (badness 1142) in paragraph at lines 3122--3124
\TU/lmr/m/n/10 “Welcome to the tidyverse.” Journal of Open Source Software 4 (43):
 []


Underfull \hbox (badness 1331) in paragraph at lines 3122--3124
\TU/lmr/m/n/10 1686. []$[][][][][] [] [] [] [][][] [] [][][] [] [][] [] [][][][][] [] [][][][] [] [][][][][]$[]. Wickham, Hadley, Winston
 []


Underfull \hbox (badness 1540) in paragraph at lines 3122--3124
\TU/lmr/m/n/10 Chang, Lionel Henry, Thomas Lin Pedersen, Kohske Takahashi, Claus
 []

[92]
Chapter 8.
[93

]
Underfull \hbox (badness 10000) in paragraph at lines 3155--3157

 []


Overfull \hbox (3.14758pt too wide) in paragraph at lines 3195--3196
 []\TU/lmr/m/n/10 Wild 
 []


Overfull \hbox (4.01758pt too wide) in paragraph at lines 3195--3196
 \TU/lmr/m/n/10 birds 
 []


Overfull \hbox (17.80759pt too wide) in paragraph at lines 3197--3198
 []\TU/lmr/m/n/10 Captive- 
 []


Overfull \hbox (1.73758pt too wide) in paragraph at lines 3197--3198
 \TU/lmr/m/n/10 bred 
 []


Overfull \hbox (4.01758pt too wide) in paragraph at lines 3197--3198
 \TU/lmr/m/n/10 birds 
 []


Overfull \hbox (2.95758pt too wide) in paragraph at lines 3207--3208
 \TU/lmr/m/n/10 Rain 
 []


Overfull \hbox (2.95758pt too wide) in paragraph at lines 3209--3210
 \TU/lmr/m/n/10 Rain 
 []


Overfull \hbox (1.43758pt too wide) in paragraph at lines 3211--3212
 []\TU/lmr/m/n/10 Sept 
 []


Overfull \hbox (6.61758pt too wide) in paragraph at lines 3211--3212
 \TU/lmr/m/n/10 Temp 
 []


Overfull \hbox (6.61758pt too wide) in paragraph at lines 3213--3214
 \TU/lmr/m/n/10 Temp 
 []


Overfull \hbox (21.03758pt too wide) in paragraph at lines 3215--3216
 []\TU/lmr/m/n/10 Breeding 
 []


Overfull \hbox (6.64758pt too wide) in paragraph at lines 3215--3216
 \TU/lmr/m/n/10 (Stan- 
 []


Overfull \hbox (3.95758pt too wide) in paragraph at lines 3215--3216
 \TU/lmr/m/n/10 dard- 
 []


Overfull \hbox (1.69759pt too wide) in paragraph at lines 3215--3216
 \TU/lmr/m/n/10 ised) 
 []


Overfull \hbox (5.03758pt too wide) in paragraph at lines 3222--3222
 []|\TU/lmr/m/n/10 15.05| 
 []


Overfull \hbox (5.03758pt too wide) in paragraph at lines 3223--3223
 []|\TU/lmr/m/n/10 17.55| 
 []


Overfull \hbox (5.03758pt too wide) in paragraph at lines 3225--3225
 []|\TU/lmr/m/n/10 16.55| 
 []


Overfull \hbox (5.03758pt too wide) in paragraph at lines 3225--3225
 []|\TU/lmr/m/n/10 18.35| 
 []


Overfull \hbox (5.03758pt too wide) in paragraph at lines 3226--3226
 []|\TU/lmr/m/n/10 13.05| 
 []


Overfull \hbox (5.03758pt too wide) in paragraph at lines 3227--3227
 []|\TU/lmr/m/n/10 14.85| 
 []


Overfull \hbox (5.03758pt too wide) in paragraph at lines 3228--3228
 []|\TU/lmr/m/n/10 14.65| 
 []


Overfull \hbox (5.03758pt too wide) in paragraph at lines 3229--3229
 []|\TU/lmr/m/n/10 16.85| 
 []


Overfull \hbox (5.03758pt too wide) in paragraph at lines 3229--3229
 []|\TU/lmr/m/n/10 18.05| 
 []


Overfull \hbox (5.03758pt too wide) in paragraph at lines 3230--3230
 []|\TU/lmr/m/n/10 16.45| 
 []


Overfull \hbox (5.03758pt too wide) in paragraph at lines 3231--3231
 []|\TU/lmr/m/n/10 15.65| 
 []


Overfull \hbox (5.03758pt too wide) in paragraph at lines 3231--3231
 []|\TU/lmr/m/n/10 18.15| 
 []


Overfull \hbox (5.03758pt too wide) in paragraph at lines 3232--3232
 []|\TU/lmr/m/n/10 14.45| 
 []


Overfull \hbox (5.03758pt too wide) in paragraph at lines 3233--3233
 []|\TU/lmr/m/n/10 17.95| 
 []


Overfull \hbox (5.03758pt too wide) in paragraph at lines 3234--3234
 []|\TU/lmr/m/n/10 16.75| 
 []


Overfull \hbox (5.03758pt too wide) in paragraph at lines 3235--3235
 []|\TU/lmr/m/n/10 16.65| 
 []


Overfull \hbox (5.03758pt too wide) in paragraph at lines 3236--3236
 []|\TU/lmr/m/n/10 14.65| 
 []


Overfull \hbox (5.03758pt too wide) in paragraph at lines 3237--3237
 []|\TU/lmr/m/n/10 18.45| 
 []


Overfull \hbox (5.03758pt too wide) in paragraph at lines 3238--3238
 []|\TU/lmr/m/n/10 17.45| 
 []


Overfull \hbox (5.03758pt too wide) in paragraph at lines 3239--3239
 []|\TU/lmr/m/n/10 18.35| 
 []


Overfull \hbox (5.03758pt too wide) in paragraph at lines 3241--3241
 []|\TU/lmr/m/n/10 17.35| 
 []


Overfull \hbox (5.03758pt too wide) in paragraph at lines 3242--3242
 []|\TU/lmr/m/n/10 18.65| 
 []


Overfull \hbox (5.03758pt too wide) in paragraph at lines 3247--3247
 []|\TU/lmr/m/n/10 18.45| 
 []


Overfull \hbox (5.03758pt too wide) in paragraph at lines 3248--3248
 []|\TU/lmr/m/n/10 17.95| 
 []


Overfull \hbox (5.03758pt too wide) in paragraph at lines 3248--3248
 []|\TU/lmr/m/n/10 17.85| 
 []


Overfull \hbox (41.76454pt too wide) has occurred while \output is active
\TU/lmr/m/n/10 94 \TU/lmr/m/sl/10 CHAPTER 8.  COURSEWORK 1; THE KOOKI BIRD SUMMATIVE ASSIGNMENT
 []

[94] [95]
Overfull \hbox (41.76454pt too wide) has occurred while \output is active
\TU/lmr/m/n/10 96 \TU/lmr/m/sl/10 CHAPTER 8.  COURSEWORK 1; THE KOOKI BIRD SUMMATIVE ASSIGNMENT
 []

[96]
Chapter 9.
[97

] [98] [99] [100]
Underfull \hbox (badness 10000) in paragraph at lines 3495--3497

 []

[101]
Underfull \hbox (badness 10000) in paragraph at lines 3519--3521

 []

[102] [103]
Underfull \hbox (badness 10000) in paragraph at lines 3674--3676

 []


Underfull \hbox (badness 10000) in paragraph at lines 3676--3678

 []

[104] [105] [106] [107] [108]
Chapter 10.
[109

] [110]
Overfull \hbox (69.86626pt too wide) has occurred while \output is active
\TU/lmr/m/sl/10 10.3.  DATA SET 1: NEPAL - LINEAR MODEL WITH RANDOMISED BLOCK DESIGNS \TU/lmr/m/n/10 111
 []

[111] [112]
Overfull \hbox (69.86626pt too wide) has occurred while \output is active
\TU/lmr/m/sl/10 10.3.  DATA SET 1: NEPAL - LINEAR MODEL WITH RANDOMISED BLOCK DESIGNS \TU/lmr/m/n/10 113
 []

[113]
File: figures/additive_vs_interactive.png Graphic file (type bmp)
<figures/additive_vs_interactive.png>
[114]
Overfull \hbox (69.86626pt too wide) has occurred while \output is active
\TU/lmr/m/sl/10 10.3.  DATA SET 1: NEPAL - LINEAR MODEL WITH RANDOMISED BLOCK DESIGNS \TU/lmr/m/n/10 115
 []

[115] [116]
Overfull \hbox (67.21625pt too wide) has occurred while \output is active
\TU/lmr/m/sl/10 10.4.  DATA SET 2: TULIP - LINEAR MODEL WITH RANDOMISED BLOCK DESIGNS \TU/lmr/m/n/10 117
 []

[117]
Underfull \hbox (badness 10000) in paragraph at lines 4251--4253

 []

[118] [119] [120]
Chapter 11.
[121

]
Overfull \hbox (23.56564pt too wide) has occurred while \output is active
\TU/lmr/m/n/10 122 \TU/lmr/m/sl/10 CHAPTER 11.  WORKSHOP 10 - REPEATED MEASURES LINEAR MODELS
 []

[122]
Underfull \hbox (badness 3078) in paragraph at lines 4424--4426
[]\TU/lmr/m/n/10 Draw histograms to check the assumption of normally
 []

[123]
Overfull \hbox (23.56564pt too wide) has occurred while \output is active
\TU/lmr/m/n/10 124 \TU/lmr/m/sl/10 CHAPTER 11.  WORKSHOP 10 - REPEATED MEASURES LINEAR MODELS
 []

[124] [125]
Underfull \hbox (badness 3078) in paragraph at lines 4562--4564
[]\TU/lmr/m/n/10 Draw histograms to check the assumption of normally
 []


Underfull \hbox (badness 1990) in paragraph at lines 4588--4590
[]\TU/lmr/m/n/10 What does the output tell you about the variation in
 []


Overfull \hbox (23.56564pt too wide) has occurred while \output is active
\TU/lmr/m/n/10 126 \TU/lmr/m/sl/10 CHAPTER 11.  WORKSHOP 10 - REPEATED MEASURES LINEAR MODELS
 []

[126]
Chapter 12.
[127

]
Underfull \hbox (badness 10000) in paragraph at lines 4631--4633

 []


Overfull \hbox (78.48985pt too wide) in paragraph at lines 4692--4692
 []|\TU/lmtt/m/n/10 gausian(link="identity")| 
 []


Overfull \hbox (52.23985pt too wide) in paragraph at lines 4693--4693
 []|\TU/lmtt/m/n/10 poisson(link="log")| 
 []


Overfull \hbox (67.98985pt too wide) in paragraph at lines 4694--4694
 []|\TU/lmtt/m/n/10 binomial(link="logit")| 
 []


Overfull \hbox (62.73985pt too wide) in paragraph at lines 4695--4695
 []|\TU/lmtt/m/n/10 gamma(link="inverse")| 
 []


Overfull \hbox (220.27124pt too wide) has occurred while \output is active
\TU/lmr/m/n/10 128 \TU/lmr/m/sl/10 CHAPTER 12.  WORKSHOP 11/12 A VERY INTRODUCTORY INTRODUCTION TO GENERALISED LINEAR MODELS
 []

[128] [129]
Overfull \hbox (220.27124pt too wide) has occurred while \output is active
\TU/lmr/m/n/10 130 \TU/lmr/m/sl/10 CHAPTER 12.  WORKSHOP 11/12 A VERY INTRODUCTORY INTRODUCTION TO GENERALISED LINEAR MODELS
 []

[130] [131]
Overfull \hbox (220.27124pt too wide) has occurred while \output is active
\TU/lmr/m/n/10 132 \TU/lmr/m/sl/10 CHAPTER 12.  WORKSHOP 11/12 A VERY INTRODUCTORY INTRODUCTION TO GENERALISED LINEAR MODELS
 []

[132] [133]
Overfull \hbox (220.27124pt too wide) has occurred while \output is active
\TU/lmr/m/n/10 134 \TU/lmr/m/sl/10 CHAPTER 12.  WORKSHOP 11/12 A VERY INTRODUCTORY INTRODUCTION TO GENERALISED LINEAR MODELS
 []

[134] [135]
Overfull \hbox (220.27124pt too wide) has occurred while \output is active
\TU/lmr/m/n/10 136 \TU/lmr/m/sl/10 CHAPTER 12.  WORKSHOP 11/12 A VERY INTRODUCTORY INTRODUCTION TO GENERALISED LINEAR MODELS
 []

[136]
Overfull \hbox (12.86002pt too wide) in paragraph at lines 5046--5047
\TU/lmr/m/n/10 have a bit of an issue with this model. Try running; \TU/lmtt/m/n/10 performance::check_model()\TU/lmr/m/n/10 ,
 []

[137]
Overfull \hbox (220.27124pt too wide) has occurred while \output is active
\TU/lmr/m/n/10 138 \TU/lmr/m/sl/10 CHAPTER 12.  WORKSHOP 11/12 A VERY INTRODUCTORY INTRODUCTION TO GENERALISED LINEAR MODELS
 []

[138] [139]
Underfull \hbox (badness 2582) in paragraph at lines 5215--5216
\TU/lmr/m/n/10 Try running a GLM, with a Poisson distribution and log link func-
 []


Underfull \hbox (badness 1412) in paragraph at lines 5215--5216
\TU/lmr/m/n/10 until you have constructed a minimal model. Remember to keep us-
 []


Overfull \hbox (220.27124pt too wide) has occurred while \output is active
\TU/lmr/m/n/10 140 \TU/lmr/m/sl/10 CHAPTER 12.  WORKSHOP 11/12 A VERY INTRODUCTORY INTRODUCTION TO GENERALISED LINEAR MODELS
 []

[140]
Underfull \vbox (badness 1629) has occurred while \output is active []

[141]
Overfull \hbox (220.27124pt too wide) has occurred while \output is active
\TU/lmr/m/n/10 142 \TU/lmr/m/sl/10 CHAPTER 12.  WORKSHOP 11/12 A VERY INTRODUCTORY INTRODUCTION TO GENERALISED LINEAR MODELS
 []

[142]
Chapter 13.
[143

] (./7056A.bbl [144]) [145

] (./7056A.aux)

LaTeX Warning: There were undefined references.

 ) 
Here is how much of TeX's memory you used:
 20021 strings out of 478734
 372986 string characters out of 5848186
 1910979 words of memory out of 5000000
 39742 multiletter control sequences out of 15000+600000
 518770 words of font info for 89 fonts, out of 8000000 for 9000
 14 hyphenation exceptions out of 8191
 86i,8n,121p,1330b,501s stack positions out of 10000i,1000n,20000p,200000b,200000s

Output written on 7056A.pdf (145 pages).
