\BOOKMARK [0][-]{chapter.1}{\376\377\000W\000e\000l\000c\000o\000m\000e\000\040\000t\000o\000\040\000t\000h\000e\000\040\000S\000t\000a\000t\000i\000s\000t\000i\000c\000s\000\040\000C\000o\000u\000r\000s\000e\000b\000o\000o\000k}{}% 1
\BOOKMARK [1][-]{section.1.1}{\376\377\000I\000n\000t\000r\000o\000d\000u\000c\000t\000i\000o\000n}{chapter.1}% 2
\BOOKMARK [1][-]{section.1.2}{\376\377\000P\000r\000a\000c\000t\000i\000c\000a\000l\000\040\0001\000\040\000-\000\040\000I\000n\000t\000r\000o\000d\000u\000c\000t\000i\000o\000n\000\040\000t\000o\000\040\000p\000o\000s\000i\000t\000\040\000C\000l\000o\000u\000d}{chapter.1}% 3
\BOOKMARK [1][-]{section.1.3}{\376\377\000C\000o\000n\000c\000l\000u\000s\000i\000o\000n}{chapter.1}% 4
\BOOKMARK [1][-]{section.1.4}{\376\377\000B\000e\000f\000o\000r\000e\000\040\000y\000o\000u\000\040\000l\000e\000a\000v\000e\000!}{chapter.1}% 5
\BOOKMARK [1][-]{section.1.5}{\376\377\000R\000e\000f\000e\000r\000e\000n\000c\000e\000s}{chapter.1}% 6
\BOOKMARK [0][-]{chapter.2}{\376\377\000W\000o\000r\000k\000s\000h\000o\000p\000\040\0002\000\040\000-\000\040\000E\000x\000p\000l\000o\000r\000a\000r\000t\000o\000r\000y\000\040\000D\000a\000t\000a\000\040\000A\000n\000a\000l\000y\000s\000i\000s}{}% 7
\BOOKMARK [1][-]{section.2.1}{\376\377\000I\000n\000t\000r\000o\000d\000u\000c\000t\000i\000o\000n}{chapter.2}% 8
\BOOKMARK [1][-]{section.2.2}{\376\377\000P\000r\000a\000c\000t\000i\000c\000a\000l\000\040\0002\000\040\000-\000\040\000E\000x\000p\000l\000o\000r\000i\000n\000g\000\040\000d\000i\000s\000t\000r\000i\000b\000u\000t\000i\000o\000n\000s\000\040\000i\000n\000\040\000R}{chapter.2}% 9
\BOOKMARK [1][-]{section.2.3}{\376\377\000D\000e\000s\000c\000r\000i\000p\000t\000i\000v\000e\000\040\000s\000t\000a\000t\000i\000s\000t\000i\000c\000s\000\040\000i\000n\000\040\000R}{chapter.2}% 10
\BOOKMARK [1][-]{section.2.4}{\376\377\000C\000o\000n\000c\000l\000u\000s\000i\000o\000n}{chapter.2}% 11
\BOOKMARK [1][-]{section.2.5}{\376\377\000B\000e\000f\000o\000r\000e\000\040\000y\000o\000u\000\040\000l\000e\000a\000v\000e\000!}{chapter.2}% 12
\BOOKMARK [1][-]{section.2.6}{\376\377\000R\000e\000f\000e\000r\000e\000n\000c\000e\000s}{chapter.2}% 13
\BOOKMARK [0][-]{chapter.3}{\376\377\000W\000o\000r\000k\000s\000h\000o\000p\000\040\0003\000\040\000-\000\040\000S\000a\000m\000p\000l\000i\000n\000g\000\040\000D\000i\000s\000t\000r\000i\000b\000u\000t\000i\000o\000n\000s\000\040\000a\000n\000d\000\040\000T\000e\000s\000t\000i\000n\000g\000\040\000f\000o\000r\000\040\000D\000i\000f\000f\000e\000r\000e\000n\000c\000e\000s}{}% 14
\BOOKMARK [1][-]{section.3.1}{\376\377\000I\000n\000t\000r\000o\000d\000u\000c\000t\000i\000o\000n}{chapter.3}% 15
\BOOKMARK [1][-]{section.3.2}{\376\377\000S\000o\000m\000e\000\040\000k\000e\000y\000\040\000t\000e\000r\000m\000s\000\040\000f\000o\000r\000\040\000t\000o\000d\000a\000y\000s\000\040\000p\000r\000a\000c\000t\000i\000c\000a\000l}{chapter.3}% 16
\BOOKMARK [1][-]{section.3.3}{\376\377\000P\000r\000a\000c\000t\000i\000c\000a\000l\000\040\0003\000\040\000-\000\040\000S\000a\000m\000p\000l\000i\000n\000g\000\040\000a\000n\000d\000\040\000T\000e\000s\000t\000i\000n\000g\000\040\000f\000o\000r\000\040\000D\000i\000f\000f\000e\000r\000e\000n\000c\000e\000s}{chapter.3}% 17
\BOOKMARK [1][-]{section.3.4}{\376\377\000C\000o\000n\000c\000l\000u\000s\000i\000o\000n}{chapter.3}% 18
\BOOKMARK [1][-]{section.3.5}{\376\377\000B\000e\000f\000o\000r\000e\000\040\000y\000o\000u\000\040\000l\000e\000a\000v\000e\000!}{chapter.3}% 19
\BOOKMARK [1][-]{section.3.6}{\376\377\000R\000e\000f\000e\000r\000e\000n\000c\000e\000s}{chapter.3}% 20
\BOOKMARK [0][-]{chapter.4}{\376\377\000W\000o\000r\000k\000s\000h\000o\000p\000\040\0004\000\040\000-\000\040\000I\000n\000t\000r\000o\000d\000u\000c\000t\000i\000o\000n\000\040\000t\000o\000\040\000D\000e\000s\000i\000g\000n\000\040\000a\000n\000d\000\040\000A\000n\000a\000l\000y\000s\000i\000s\000\040\000o\000f\000\040\000E\000x\000p\000e\000r\000i\000m\000e\000n\000t\000s}{}% 21
\BOOKMARK [1][-]{section.4.1}{\376\377\000I\000n\000t\000r\000o\000d\000u\000c\000t\000i\000o\000n}{chapter.4}% 22
\BOOKMARK [1][-]{section.4.2}{\376\377\000P\000r\000a\000c\000t\000i\000c\000a\000l\000\040\0004\000\040\000-\000\040\000I\000n\000t\000r\000o\000d\000u\000c\000t\000i\000o\000n\000\040\000t\000o\000\040\000A\000n\000a\000l\000y\000s\000i\000s\000\040\000o\000f\000\040\000V\000a\000r\000i\000a\000n\000c\000e}{chapter.4}% 23
\BOOKMARK [1][-]{section.4.3}{\376\377\000C\000o\000n\000c\000l\000u\000s\000i\000o\000n}{chapter.4}% 24
\BOOKMARK [1][-]{section.4.4}{\376\377\000B\000e\000f\000o\000r\000e\000\040\000y\000o\000u\000\040\000l\000e\000a\000v\000e\000!}{chapter.4}% 25
\BOOKMARK [1][-]{section.4.5}{\376\377\000R\000e\000f\000e\000r\000e\000n\000c\000e\000s}{chapter.4}% 26
\BOOKMARK [0][-]{chapter.5}{\376\377\000W\000o\000r\000k\000s\000h\000o\000p\000\040\0005\000\040\000-\000\040\000T\000e\000s\000t\000i\000n\000g\000\040\000f\000o\000r\000\040\000a\000n\000d\000\040\000M\000e\000a\000s\000u\000r\000i\000n\000g\000\040\000R\000e\000l\000a\000t\000i\000o\000n\000s\000h\000i\000p\000s}{}% 27
\BOOKMARK [1][-]{section.5.1}{\376\377\000I\000n\000t\000r\000o\000d\000u\000c\000t\000i\000o\000n}{chapter.5}% 28
\BOOKMARK [1][-]{section.5.2}{\376\377\000P\000r\000a\000c\000t\000i\000c\000a\000l\000\040\0005\000\040\000-\000\040\000R\000e\000g\000r\000e\000s\000s\000i\000o\000n\000\040\000\046\000\040\000C\000o\000r\000r\000e\000l\000a\000t\000i\000o\000n\000\040\000I\000n\000t\000r\000o\000d\000u\000c\000t\000i\000o\000n}{chapter.5}% 29
\BOOKMARK [1][-]{section.5.3}{\376\377\000C\000o\000n\000c\000l\000u\000s\000i\000o\000n}{chapter.5}% 30
\BOOKMARK [1][-]{section.5.4}{\376\377\000B\000e\000f\000o\000r\000e\000\040\000y\000o\000u\000\040\000l\000e\000a\000v\000e\000!}{chapter.5}% 31
\BOOKMARK [1][-]{section.5.5}{\376\377\000R\000e\000f\000e\000r\000e\000n\000c\000e\000s}{chapter.5}% 32
\BOOKMARK [0][-]{chapter.6}{\376\377\000W\000o\000r\000k\000s\000h\000o\000p\000\040\0006\000\040\000-\000\040\000I\000s\000s\000u\000e\000s\000\040\000w\000i\000t\000h\000\040\000P\000r\000o\000b\000a\000b\000i\000l\000i\000t\000y\000\040\000a\000n\000d\000\040\000P\000a\000r\000a\000m\000e\000t\000r\000i\000c\000\040\000A\000n\000a\000l\000y\000s\000i\000s}{}% 33
\BOOKMARK [1][-]{section.6.1}{\376\377\000I\000n\000t\000r\000o\000d\000u\000c\000t\000i\000o\000n}{chapter.6}% 34
\BOOKMARK [1][-]{section.6.2}{\376\377\000P\000r\000a\000c\000t\000i\000c\000a\000l\000\040\0006\000\040\000-\000\040\000T\000r\000a\000n\000s\000f\000o\000r\000m\000a\000t\000i\000o\000n\000s\000\040\000\046\000\040\000N\000o\000n\000-\000p\000a\000r\000a\000m\000e\000t\000r\000i\000c\000\040\000T\000e\000s\000t\000s\000\040\000-\000\040\000A\000n\000\040\000I\000n\000t\000r\000o\000d\000u\000c\000t\000i\000o\000n}{chapter.6}% 35
\BOOKMARK [1][-]{section.6.3}{\376\377\000C\000o\000n\000c\000l\000u\000s\000i\000o\000n}{chapter.6}% 36
\BOOKMARK [1][-]{section.6.4}{\376\377\000B\000e\000f\000o\000r\000e\000\040\000y\000o\000u\000\040\000l\000e\000a\000v\000e\000!}{chapter.6}% 37
\BOOKMARK [1][-]{section.6.5}{\376\377\000R\000e\000f\000e\000r\000e\000n\000c\000e\000s}{chapter.6}% 38
\BOOKMARK [0][-]{chapter.7}{\376\377\000W\000o\000r\000k\000s\000h\000o\000p\000\040\0007\000\040\000-\000\040\000P\000l\000o\000t\000\040\000B\000e\000a\000u\000t\000i\000f\000i\000c\000a\000t\000i\000o\000n\000!\000!\000!}{}% 39
\BOOKMARK [1][-]{section.7.1}{\376\377\000D\000e\000c\000o\000n\000s\000t\000r\000u\000c\000t\000i\000n\000g\000\040\000g\000g\000p\000l\000o\000t}{chapter.7}% 40
\BOOKMARK [1][-]{section.7.2}{\376\377\000L\000a\000b\000e\000l\000s}{chapter.7}% 41
\BOOKMARK [1][-]{section.7.3}{\376\377\000S\000w\000i\000t\000c\000h\000i\000n\000g\000\040\000u\000p\000\040\000c\000o\000l\000o\000u\000r\000s}{chapter.7}% 42
\BOOKMARK [1][-]{section.7.4}{\376\377\000S\000p\000a\000c\000i\000n\000g}{chapter.7}% 43
\BOOKMARK [1][-]{section.7.5}{\376\377\000T\000h\000e\000m\000e\000s}{chapter.7}% 44
\BOOKMARK [1][-]{section.7.6}{\376\377\000B\000e\000a\000u\000t\000i\000f\000y\000i\000n\000g\000\040\000s\000c\000a\000t\000t\000e\000r\000\040\000p\000l\000o\000t\000s}{chapter.7}% 45
\BOOKMARK [1][-]{section.7.7}{\376\377\000E\000x\000p\000o\000r\000t\000i\000n\000g\000\040\000y\000o\000u\000r\000\040\000p\000l\000o\000t\000\040\000t\000o\000\040\000p\000d\000f}{chapter.7}% 46
\BOOKMARK [1][-]{section.7.8}{\376\377\000B\000e\000f\000o\000r\000e\000\040\000y\000o\000u\000\040\000l\000e\000a\000v\000e\000!}{chapter.7}% 47
\BOOKMARK [1][-]{section.7.9}{\376\377\000R\000e\000f\000e\000r\000e\000n\000c\000e\000s}{chapter.7}% 48
\BOOKMARK [0][-]{chapter.8}{\376\377\000C\000o\000u\000r\000s\000e\000w\000o\000r\000k\000\040\0001\000;\000\040\000T\000h\000e\000\040\000K\000o\000o\000k\000i\000\040\000B\000i\000r\000d\000\040\000S\000u\000m\000m\000a\000t\000i\000v\000e\000\040\000A\000s\000s\000i\000g\000n\000m\000e\000n\000t}{}% 49
\BOOKMARK [1][-]{section.8.1}{\376\377\000T\000h\000e\000\040\000e\000x\000e\000r\000c\000i\000s\000e}{chapter.8}% 50
\BOOKMARK [1][-]{section.8.2}{\376\377\000T\000h\000e\000\040\000P\000r\000o\000b\000l\000e\000m}{chapter.8}% 51
\BOOKMARK [1][-]{section.8.3}{\376\377\000T\000h\000e\000\040\000D\000a\000t\000a}{chapter.8}% 52
\BOOKMARK [0][-]{chapter.9}{\376\377\000W\000o\000r\000k\000s\000h\000o\000p\000\040\0008\000\040\000-\000\040\000M\000u\000l\000t\000i\000v\000a\000r\000i\000a\000t\000e\000\040\000L\000i\000n\000e\000a\000r\000\040\000M\000o\000d\000e\000l\000l\000i\000n\000g}{}% 53
\BOOKMARK [1][-]{section.9.1}{\376\377\000I\000n\000t\000r\000o\000d\000u\000c\000t\000i\000o\000n}{chapter.9}% 54
\BOOKMARK [1][-]{section.9.2}{\376\377\000P\000r\000a\000c\000t\000i\000c\000a\000l\000\040\0008\000\040\000-\000\040\000M\000u\000l\000t\000i\000p\000l\000e\000\040\000L\000i\000n\000e\000a\000r\000\040\000M\000o\000d\000e\000l\000s}{chapter.9}% 55
\BOOKMARK [1][-]{section.9.3}{\376\377\000D\000a\000t\000a\000\040\000s\000e\000t\000\040\0001\000:\000\040\000A\000f\000r\000i\000c\000a}{chapter.9}% 56
\BOOKMARK [1][-]{section.9.4}{\376\377\000D\000a\000t\000a\000\040\000s\000e\000t\000\040\0002\000:\000\040\000C\000h\000a\000f\000f\000i\000n\000c\000h}{chapter.9}% 57
\BOOKMARK [1][-]{section.9.5}{\376\377\000D\000a\000t\000a\000\040\000s\000e\000t\000\040\0003\000:\000\040\000B\000e\000e\000t\000l\000e\000s}{chapter.9}% 58
\BOOKMARK [1][-]{section.9.6}{\376\377\000B\000e\000f\000o\000r\000e\000\040\000y\000o\000u\000\040\000l\000e\000a\000v\000e\000!}{chapter.9}% 59
\BOOKMARK [0][-]{chapter.10}{\376\377\000W\000o\000r\000k\000s\000h\000o\000p\000\040\0009\000\040\000-\000\040\000M\000o\000d\000e\000l\000\040\000S\000t\000r\000u\000c\000t\000u\000r\000e}{}% 60
\BOOKMARK [1][-]{section.10.1}{\376\377\000I\000n\000t\000r\000o\000d\000u\000c\000t\000i\000o\000n}{chapter.10}% 61
\BOOKMARK [1][-]{section.10.2}{\376\377\000P\000r\000a\000c\000t\000i\000c\000a\000l\000\040\0009\000\040\000-\000\040\000E\000x\000p\000l\000o\000r\000i\000n\000g\000\040\000M\000o\000d\000e\000l\000\040\000S\000t\000r\000u\000c\000t\000u\000r\000e}{chapter.10}% 62
\BOOKMARK [1][-]{section.10.3}{\376\377\000D\000a\000t\000a\000\040\000s\000e\000t\000\040\0001\000:\000\040\000N\000e\000p\000a\000l\000\040\000-\000\040\000L\000i\000n\000e\000a\000r\000\040\000M\000o\000d\000e\000l\000\040\000w\000i\000t\000h\000\040\000R\000a\000n\000d\000o\000m\000i\000s\000e\000d\000\040\000B\000l\000o\000c\000k\000\040\000d\000e\000s\000i\000g\000n\000s}{chapter.10}% 63
\BOOKMARK [1][-]{section.10.4}{\376\377\000D\000a\000t\000a\000\040\000s\000e\000t\000\040\0002\000:\000\040\000T\000u\000l\000i\000p\000\040\000-\000\040\000L\000i\000n\000e\000a\000r\000\040\000M\000o\000d\000e\000l\000\040\000w\000i\000t\000h\000\040\000R\000a\000n\000d\000o\000m\000i\000s\000e\000d\000\040\000B\000l\000o\000c\000k\000\040\000d\000e\000s\000i\000g\000n\000s}{chapter.10}% 64
\BOOKMARK [1][-]{section.10.5}{\376\377\000M\000i\000x\000e\000d\000\040\000e\000f\000f\000e\000c\000t\000s\000\040\000l\000i\000n\000e\000a\000r\000\040\000m\000o\000d\000e\000l\000s}{chapter.10}% 65
\BOOKMARK [1][-]{section.10.6}{\376\377\000C\000o\000n\000c\000l\000u\000s\000i\000o\000n\000s}{chapter.10}% 66
\BOOKMARK [1][-]{section.10.7}{\376\377\000B\000e\000f\000o\000r\000e\000\040\000y\000o\000u\000\040\000l\000e\000a\000v\000e\000!}{chapter.10}% 67
\BOOKMARK [0][-]{chapter.11}{\376\377\000W\000o\000r\000k\000s\000h\000o\000p\000\040\0001\0000\000\040\000-\000\040\000R\000e\000p\000e\000a\000t\000e\000d\000\040\000M\000e\000a\000s\000u\000r\000e\000s\000\040\000L\000i\000n\000e\000a\000r\000\040\000M\000o\000d\000e\000l\000s}{}% 68
\BOOKMARK [1][-]{section.11.1}{\376\377\000I\000n\000t\000r\000o\000d\000u\000c\000t\000i\000o\000n}{chapter.11}% 69
\BOOKMARK [1][-]{section.11.2}{\376\377\000P\000r\000a\000c\000t\000i\000c\000a\000l\000\040\0001\0000\000\040\000-\000\040\000R\000e\000p\000e\000a\000t\000e\000d\000\040\000M\000e\000a\000s\000u\000r\000e\000s\000\040\000L\000i\000n\000e\000a\000r\000\040\000M\000o\000d\000e\000l\000s}{chapter.11}% 70
\BOOKMARK [1][-]{section.11.3}{\376\377\000D\000a\000t\000a\000\040\000s\000e\000t\000\040\0001\000\040\000-\000\040\000A\000c\000t\000i\000v\000i\000t\000y}{chapter.11}% 71
\BOOKMARK [1][-]{section.11.4}{\376\377\000D\000a\000t\000a\000\040\000s\000e\000t\000\040\0002\000\040\000-\000\040\000M\000e\000t\000a\000b\000o\000l\000i\000s\000m}{chapter.11}% 72
\BOOKMARK [1][-]{section.11.5}{\376\377\000C\000o\000n\000c\000l\000u\000s\000i\000o\000n\000s}{chapter.11}% 73
\BOOKMARK [1][-]{section.11.6}{\376\377\000B\000e\000f\000o\000r\000e\000\040\000y\000o\000u\000\040\000l\000e\000a\000v\000e\000!}{chapter.11}% 74
\BOOKMARK [0][-]{chapter.12}{\376\377\000W\000o\000r\000k\000s\000h\000o\000p\000\040\0001\0001\000/\0001\0002\000\040\000A\000\040\000V\000e\000r\000y\000\040\000I\000n\000t\000r\000o\000d\000u\000c\000t\000o\000r\000y\000\040\000I\000n\000t\000r\000o\000d\000u\000c\000t\000i\000o\000n\000\040\000t\000o\000\040\000G\000e\000n\000e\000r\000a\000l\000i\000s\000e\000d\000\040\000L\000i\000n\000e\000a\000r\000\040\000M\000o\000d\000e\000l\000s}{}% 75
\BOOKMARK [1][-]{section.12.1}{\376\377\000I\000n\000t\000r\000o\000d\000u\000c\000t\000i\000o\000n}{chapter.12}% 76
\BOOKMARK [1][-]{section.12.2}{\376\377\000P\000r\000a\000c\000t\000i\000c\000a\000l\000\040\0001\0001\000\040\000-\000\040\000G\000L\000M\000s}{chapter.12}% 77
\BOOKMARK [1][-]{section.12.3}{\376\377\000A\000\040\000P\000o\000i\000s\000s\000o\000n\000\040\000G\000L\000M\000\040\000o\000n\000\040\000s\000o\000m\000e\000\040\000b\000e\000a\000u\000t\000i\000f\000u\000l\000l\000y\000\040\000b\000e\000h\000a\000v\000e\000d\000\040\000d\000a\000t\000a}{chapter.12}% 78
\BOOKMARK [1][-]{section.12.4}{\376\377\000A\000\040\000B\000i\000n\000o\000m\000i\000a\000l\000\040\000G\000L\000M}{chapter.12}% 79
\BOOKMARK [1][-]{section.12.5}{\376\377\000A\000\040\000P\000o\000i\000s\000s\000o\000n\000\040\000M\000i\000x\000e\000d\000\040\000E\000f\000f\000e\000c\000t\000s\000\040\000G\000L\000M}{chapter.12}% 80
\BOOKMARK [1][-]{section.12.6}{\376\377\000C\000o\000n\000c\000l\000u\000s\000i\000o\000n\000s}{chapter.12}% 81
\BOOKMARK [1][-]{section.12.7}{\376\377\000B\000e\000f\000o\000r\000e\000\040\000y\000o\000u\000\040\000l\000e\000a\000v\000e\000!}{chapter.12}% 82
\BOOKMARK [1][-]{section.12.8}{\376\377\000R\000e\000f\000e\000r\000e\000n\000c\000e\000s}{chapter.12}% 83
\BOOKMARK [0][-]{chapter.13}{\376\377\000C\000o\000u\000r\000s\000e\000w\000o\000r\000k\000\040\0002\000;\000\040\000t\000h\000e\000\040\000b\000l\000a\000c\000k\000\040\000t\000a\000i\000l\000e\000d\000\040\000g\000o\000d\000w\000i\000t}{}% 84
\BOOKMARK [1][-]{section.13.1}{\376\377\000P\000a\000t\000t\000e\000r\000n\000s\000\040\000o\000f\000\040\000h\000a\000b\000i\000t\000a\000t\000\040\000s\000e\000l\000e\000c\000t\000i\000o\000n\000\040\000i\000n\000\040\000b\000r\000e\000e\000d\000i\000n\000g\000\040\000B\000l\000a\000c\000k\000-\000t\000a\000i\000l\000e\000d\000\040\000G\000o\000d\000w\000i\000t\000s\000\040\000i\000n\000\040\000I\000c\000e\000l\000a\000n\000d}{chapter.13}% 85
